{"/home/lleshaj/job-search/src/api/getDegrees.ts": {"path":"/home/lleshaj/job-search/src/api/getDegrees.ts","statementMap":{"0":{"start":{"line":1,"column":0},"end":{"line":1,"column":null}},"1":{"start":{"line":4,"column":19},"end":{"line":9,"column":null}},"2":{"start":{"line":5,"column":18},"end":{"line":5,"column":null}},"3":{"start":{"line":7,"column":19},"end":{"line":7,"column":31}},"4":{"start":{"line":8,"column":2},"end":{"line":8,"column":9}},"5":{"start":{"line":11,"column":0},"end":{"line":11,"column":15}}},"fnMap":{"0":{"name":"(anonymous_1)","decl":{"start":{"line":4,"column":19},"end":{"line":4,"column":30}},"loc":{"start":{"line":4,"column":30},"end":{"line":9,"column":null}}}},"branchMap":{},"s":{"0":16,"1":16,"2":2,"3":2,"4":2,"5":16},"f":{"0":2},"b":{}}
,"/home/lleshaj/job-search/src/api/getJobs.ts": {"path":"/home/lleshaj/job-search/src/api/getJobs.ts","statementMap":{"0":{"start":{"line":1,"column":0},"end":{"line":1,"column":null}},"1":{"start":{"line":4,"column":16},"end":{"line":9,"column":null}},"2":{"start":{"line":5,"column":18},"end":{"line":5,"column":null}},"3":{"start":{"line":7,"column":19},"end":{"line":7,"column":31}},"4":{"start":{"line":8,"column":2},"end":{"line":8,"column":9}},"5":{"start":{"line":11,"column":0},"end":{"line":11,"column":15}}},"fnMap":{"0":{"name":"(anonymous_1)","decl":{"start":{"line":4,"column":16},"end":{"line":4,"column":27}},"loc":{"start":{"line":4,"column":27},"end":{"line":9,"column":null}}}},"branchMap":{},"s":{"0":16,"1":16,"2":2,"3":2,"4":2,"5":16},"f":{"0":2},"b":{}}
,"/home/lleshaj/job-search/src/api/getTeams.ts": {"path":"/home/lleshaj/job-search/src/api/getTeams.ts","statementMap":{"0":{"start":{"line":1,"column":0},"end":{"line":1,"column":null}},"1":{"start":{"line":4,"column":17},"end":{"line":9,"column":null}},"2":{"start":{"line":5,"column":18},"end":{"line":5,"column":null}},"3":{"start":{"line":7,"column":19},"end":{"line":7,"column":31}},"4":{"start":{"line":8,"column":2},"end":{"line":8,"column":9}},"5":{"start":{"line":11,"column":0},"end":{"line":11,"column":15}}},"fnMap":{"0":{"name":"(anonymous_1)","decl":{"start":{"line":4,"column":17},"end":{"line":4,"column":28}},"loc":{"start":{"line":4,"column":28},"end":{"line":9,"column":null}}}},"branchMap":{},"s":{"0":16,"1":16,"2":2,"3":2,"4":2,"5":16},"f":{"0":2},"b":{}}
,"/home/lleshaj/job-search/src/components/JobResults/JobListing.vue": {"path":"/home/lleshaj/job-search/src/components/JobResults/JobListing.vue","statementMap":{"0":{"start":{"line":51,"column":0},"end":{"line":51,"column":null}},"1":{"start":{"line":54,"column":0},"end":{"line":54,"column":15}},"2":{"start":{"line":63,"column":24},"end":{"line":63,"column":33}},"3":{"start":{"line":63,"column":39},"end":{"line":63,"column":56}},"4":{"start":{"line":64,"column":4},"end":{"line":64,"column":11}}},"fnMap":{"0":{"name":"(anonymous_0)","decl":{"start":{"line":62,"column":7},"end":{"line":62,"column":8}},"loc":{"start":{"line":62,"column":13},"end":{"line":65,"column":null}}},"1":{"name":"(anonymous_1)","decl":{"start":{"line":63,"column":33},"end":{"line":63,"column":39}},"loc":{"start":{"line":63,"column":33},"end":{"line":63,"column":null}}}},"branchMap":{},"s":{"0":2,"1":2,"2":5,"3":5,"4":5},"f":{"0":5,"1":5},"b":{}}
,"/home/lleshaj/job-search/src/components/JobResults/JobListings.vue": {"path":"/home/lleshaj/job-search/src/components/JobResults/JobListings.vue","statementMap":{"0":{"start":{"line":39,"column":0},"end":{"line":39,"column":null}},"1":{"start":{"line":41,"column":0},"end":{"line":41,"column":null}},"2":{"start":{"line":42,"column":0},"end":{"line":42,"column":null}},"3":{"start":{"line":43,"column":0},"end":{"line":43,"column":null}},"4":{"start":{"line":48,"column":0},"end":{"line":48,"column":null}},"5":{"start":{"line":50,"column":0},"end":{"line":50,"column":15}},"6":{"start":{"line":56,"column":4},"end":{"line":56,"column":14}},"7":{"start":{"line":57,"column":4},"end":{"line":57,"column":14}},"8":{"start":{"line":59,"column":25},"end":{"line":59,"column":null}},"9":{"start":{"line":61,"column":24},"end":{"line":61,"column":null}},"10":{"start":{"line":63,"column":20},"end":{"line":63,"column":29}},"11":{"start":{"line":63,"column":35},"end":{"line":63,"column":39}},"12":{"start":{"line":64,"column":39},"end":{"line":64,"column":null}},"13":{"start":{"line":64,"column":24},"end":{"line":64,"column":26}},"14":{"start":{"line":64,"column":34},"end":{"line":64,"column":39}},"15":{"start":{"line":69,"column":26},"end":{"line":69,"column":35}},"16":{"start":{"line":70,"column":25},"end":{"line":70,"column":null}},"17":{"start":{"line":71,"column":28},"end":{"line":71,"column":null}},"18":{"start":{"line":72,"column":27},"end":{"line":72,"column":null}},"19":{"start":{"line":73,"column":6},"end":{"line":73,"column":13}},"20":{"start":{"line":76,"column":4},"end":{"line":76,"column":11}}},"fnMap":{"0":{"name":"(anonymous_1)","decl":{"start":{"line":55,"column":7},"end":{"line":55,"column":null}},"loc":{"start":{"line":55,"column":7},"end":{"line":77,"column":null}}},"1":{"name":"(anonymous_2)","decl":{"start":{"line":63,"column":29},"end":{"line":63,"column":35}},"loc":{"start":{"line":63,"column":29},"end":{"line":63,"column":null}}},"2":{"name":"(anonymous_3)","decl":{"start":{"line":69,"column":35},"end":{"line":69,"column":null}},"loc":{"start":{"line":69,"column":35},"end":{"line":74,"column":null}}}},"branchMap":{},"s":{"0":1,"1":1,"2":1,"3":1,"4":1,"5":1,"6":8,"7":8,"8":8,"9":8,"10":8,"11":0,"12":8,"13":8,"14":8,"15":8,"16":8,"17":8,"18":8,"19":8,"20":8},"f":{"0":8,"1":0,"2":8},"b":{}}
,"/home/lleshaj/job-search/src/components/JobResults/JobFiltersSidebar/JobFiltersSidebar.vue": {"path":"/home/lleshaj/job-search/src/components/JobResults/JobFiltersSidebar/JobFiltersSidebar.vue","statementMap":{"0":{"start":{"line":28,"column":0},"end":{"line":28,"column":null}},"1":{"start":{"line":29,"column":0},"end":{"line":29,"column":null}},"2":{"start":{"line":30,"column":0},"end":{"line":30,"column":null}},"3":{"start":{"line":31,"column":0},"end":{"line":31,"column":null}},"4":{"start":{"line":32,"column":0},"end":{"line":32,"column":null}},"5":{"start":{"line":37,"column":0},"end":{"line":37,"column":null}},"6":{"start":{"line":39,"column":0},"end":{"line":39,"column":null}},"7":{"start":{"line":40,"column":0},"end":{"line":40,"column":null}},"8":{"start":{"line":41,"column":0},"end":{"line":41,"column":null}},"9":{"start":{"line":42,"column":0},"end":{"line":42,"column":null}},"10":{"start":{"line":43,"column":0},"end":{"line":43,"column":null}},"11":{"start":{"line":45,"column":0},"end":{"line":45,"column":15}},"12":{"start":{"line":56,"column":33},"end":{"line":63,"column":null}},"13":{"start":{"line":57,"column":20},"end":{"line":57,"column":null}},"14":{"start":{"line":58,"column":19},"end":{"line":58,"column":null}},"15":{"start":{"line":59,"column":23},"end":{"line":59,"column":null}},"16":{"start":{"line":60,"column":20},"end":{"line":60,"column":29}},"17":{"start":{"line":61,"column":6},"end":{"line":61,"column":11}},"18":{"start":{"line":62,"column":6},"end":{"line":62,"column":11}},"19":{"start":{"line":64,"column":4},"end":{"line":64,"column":14}}},"fnMap":{"0":{"name":"(anonymous_1)","decl":{"start":{"line":55,"column":7},"end":{"line":55,"column":null}},"loc":{"start":{"line":55,"column":7},"end":{"line":65,"column":null}}},"1":{"name":"(anonymous_2)","decl":{"start":{"line":56,"column":33},"end":{"line":56,"column":null}},"loc":{"start":{"line":56,"column":33},"end":{"line":63,"column":null}}}},"branchMap":{"0":{"loc":{"start":{"line":58,"column":19},"end":{"line":58,"column":null}},"type":"binary-expr","locations":[{"start":{"line":58,"column":19},"end":{"line":58,"column":39}},{"start":{"line":58,"column":39},"end":{"line":58,"column":null}}]},"1":{"loc":{"start":{"line":59,"column":23},"end":{"line":59,"column":null}},"type":"binary-expr","locations":[{"start":{"line":59,"column":23},"end":{"line":59,"column":47}},{"start":{"line":59,"column":47},"end":{"line":59,"column":null}}]}},"s":{"0":1,"1":1,"2":1,"3":1,"4":1,"5":1,"6":1,"7":1,"8":1,"9":1,"10":1,"11":1,"12":2,"13":2,"14":2,"15":2,"16":2,"17":2,"18":2,"19":2},"f":{"0":2,"1":2},"b":{"0":[2,1],"1":[2,2]}}
,"/home/lleshaj/job-search/src/components/JobResults/JobFiltersSidebar/JobFiltersSidebarCheckboxGroup.vue": {"path":"/home/lleshaj/job-search/src/components/JobResults/JobFiltersSidebar/JobFiltersSidebarCheckboxGroup.vue","statementMap":{"0":{"start":{"line":23,"column":0},"end":{"line":23,"column":null}},"1":{"start":{"line":24,"column":0},"end":{"line":24,"column":null}},"2":{"start":{"line":25,"column":0},"end":{"line":25,"column":null}},"3":{"start":{"line":26,"column":0},"end":{"line":26,"column":null}},"4":{"start":{"line":27,"column":0},"end":{"line":27,"column":null}},"5":{"start":{"line":29,"column":0},"end":{"line":29,"column":15}},"6":{"start":{"line":42,"column":18},"end":{"line":42,"column":27}},"7":{"start":{"line":43,"column":19},"end":{"line":43,"column":null}},"8":{"start":{"line":45,"column":27},"end":{"line":45,"column":41}},"9":{"start":{"line":47,"column":4},"end":{"line":47,"column":9}},"10":{"start":{"line":48,"column":6},"end":{"line":50,"column":null}},"11":{"start":{"line":49,"column":8},"end":{"line":49,"column":22}},"12":{"start":{"line":53,"column":24},"end":{"line":58,"column":null}},"13":{"start":{"line":54,"column":6},"end":{"line":54,"column":11}},"14":{"start":{"line":55,"column":6},"end":{"line":55,"column":12}},"15":{"start":{"line":60,"column":4},"end":{"line":60,"column":11}}},"fnMap":{"0":{"name":"(anonymous_0)","decl":{"start":{"line":41,"column":2},"end":{"line":41,"column":7}},"loc":{"start":{"line":41,"column":13},"end":{"line":64,"column":null}}},"1":{"name":"(anonymous_1)","decl":{"start":{"line":47,"column":20},"end":{"line":47,"column":21}},"loc":{"start":{"line":47,"column":29},"end":{"line":51,"column":null}}},"2":{"name":"(anonymous_2)","decl":{"start":{"line":53,"column":24},"end":{"line":53,"column":null}},"loc":{"start":{"line":53,"column":24},"end":{"line":58,"column":null}}}},"branchMap":{"0":{"loc":{"start":{"line":48,"column":6},"end":{"line":50,"column":null}},"type":"if","locations":[{"start":{"line":48,"column":6},"end":{"line":50,"column":null}}]}},"s":{"0":5,"1":5,"2":5,"3":5,"4":5,"5":5,"6":3,"7":3,"8":3,"9":3,"10":0,"11":0,"12":3,"13":2,"14":2,"15":3},"f":{"0":3,"1":0,"2":2},"b":{"0":[0]}}
,"/home/lleshaj/job-search/src/components/JobResults/JobFiltersSidebar/JobFiltersSidebarDegrees.vue": {"path":"/home/lleshaj/job-search/src/components/JobResults/JobFiltersSidebar/JobFiltersSidebarDegrees.vue","statementMap":{"0":{"start":{"line":10,"column":0},"end":{"line":10,"column":null}},"1":{"start":{"line":12,"column":0},"end":{"line":12,"column":null}},"2":{"start":{"line":14,"column":0},"end":{"line":14,"column":null}},"3":{"start":{"line":16,"column":0},"end":{"line":16,"column":null}},"4":{"start":{"line":18,"column":0},"end":{"line":18,"column":15}},"5":{"start":{"line":24,"column":26},"end":{"line":24,"column":null}},"6":{"start":{"line":26,"column":4},"end":{"line":26,"column":11}}},"fnMap":{"0":{"name":"(anonymous_1)","decl":{"start":{"line":23,"column":7},"end":{"line":23,"column":null}},"loc":{"start":{"line":23,"column":7},"end":{"line":30,"column":null}}}},"branchMap":{},"s":{"0":2,"1":2,"2":2,"3":2,"4":2,"5":1,"6":1},"f":{"0":1},"b":{}}
,"/home/lleshaj/job-search/src/components/JobResults/JobFiltersSidebar/JobFiltersSidebarJobTypes.vue": {"path":"/home/lleshaj/job-search/src/components/JobResults/JobFiltersSidebar/JobFiltersSidebarJobTypes.vue","statementMap":{"0":{"start":{"line":10,"column":0},"end":{"line":10,"column":null}},"1":{"start":{"line":12,"column":0},"end":{"line":12,"column":null}},"2":{"start":{"line":14,"column":0},"end":{"line":14,"column":null}},"3":{"start":{"line":16,"column":0},"end":{"line":16,"column":null}},"4":{"start":{"line":18,"column":0},"end":{"line":18,"column":15}},"5":{"start":{"line":24,"column":27},"end":{"line":24,"column":null}},"6":{"start":{"line":25,"column":4},"end":{"line":25,"column":11}}},"fnMap":{"0":{"name":"(anonymous_1)","decl":{"start":{"line":23,"column":7},"end":{"line":23,"column":null}},"loc":{"start":{"line":23,"column":7},"end":{"line":29,"column":null}}}},"branchMap":{},"s":{"0":2,"1":2,"2":2,"3":2,"4":2,"5":1,"6":1},"f":{"0":1},"b":{}}
,"/home/lleshaj/job-search/src/components/JobResults/JobFiltersSidebar/JobFiltersSidebarOrganizations.vue": {"path":"/home/lleshaj/job-search/src/components/JobResults/JobFiltersSidebar/JobFiltersSidebarOrganizations.vue","statementMap":{"0":{"start":{"line":10,"column":0},"end":{"line":10,"column":null}},"1":{"start":{"line":12,"column":0},"end":{"line":12,"column":null}},"2":{"start":{"line":14,"column":0},"end":{"line":14,"column":null}},"3":{"start":{"line":16,"column":0},"end":{"line":16,"column":null}},"4":{"start":{"line":18,"column":0},"end":{"line":18,"column":15}},"5":{"start":{"line":24,"column":32},"end":{"line":24,"column":null}},"6":{"start":{"line":25,"column":4},"end":{"line":25,"column":11}}},"fnMap":{"0":{"name":"(anonymous_1)","decl":{"start":{"line":23,"column":7},"end":{"line":23,"column":null}},"loc":{"start":{"line":23,"column":7},"end":{"line":29,"column":null}}}},"branchMap":{},"s":{"0":2,"1":2,"2":2,"3":2,"4":2,"5":1,"6":1},"f":{"0":1},"b":{}}
,"/home/lleshaj/job-search/src/components/JobResults/JobFiltersSidebar/JobFiltersSidebarPrompt.vue": {"path":"/home/lleshaj/job-search/src/components/JobResults/JobFiltersSidebar/JobFiltersSidebarPrompt.vue","statementMap":{"0":{"start":{"line":15,"column":0},"end":{"line":15,"column":null}},"1":{"start":{"line":16,"column":0},"end":{"line":16,"column":null}},"2":{"start":{"line":17,"column":0},"end":{"line":17,"column":null}},"3":{"start":{"line":19,"column":0},"end":{"line":19,"column":null}},"4":{"start":{"line":21,"column":0},"end":{"line":21,"column":null}},"5":{"start":{"line":23,"column":0},"end":{"line":23,"column":15}},"6":{"start":{"line":29,"column":18},"end":{"line":29,"column":27}},"7":{"start":{"line":31,"column":41},"end":{"line":33,"column":null}},"8":{"start":{"line":32,"column":6},"end":{"line":32,"column":11}},"9":{"start":{"line":35,"column":4},"end":{"line":35,"column":11}}},"fnMap":{"0":{"name":"(anonymous_1)","decl":{"start":{"line":28,"column":7},"end":{"line":28,"column":null}},"loc":{"start":{"line":28,"column":7},"end":{"line":38,"column":null}}},"1":{"name":"(anonymous_2)","decl":{"start":{"line":31,"column":41},"end":{"line":31,"column":null}},"loc":{"start":{"line":31,"column":41},"end":{"line":33,"column":null}}}},"branchMap":{},"s":{"0":2,"1":2,"2":2,"3":2,"4":2,"5":2,"6":1,"7":1,"8":1,"9":1},"f":{"0":1,"1":1},"b":{}}
,"/home/lleshaj/job-search/src/components/JobResults/JobFiltersSidebar/JobFiltersSidebarSkills.vue": {"path":"/home/lleshaj/job-search/src/components/JobResults/JobFiltersSidebar/JobFiltersSidebarSkills.vue","statementMap":{"0":{"start":{"line":13,"column":0},"end":{"line":13,"column":null}},"1":{"start":{"line":14,"column":0},"end":{"line":14,"column":null}},"2":{"start":{"line":15,"column":0},"end":{"line":15,"column":null}},"3":{"start":{"line":16,"column":0},"end":{"line":16,"column":null}},"4":{"start":{"line":18,"column":0},"end":{"line":18,"column":15}},"5":{"start":{"line":21,"column":18},"end":{"line":21,"column":27}},"6":{"start":{"line":22,"column":29},"end":{"line":22,"column":38}},"7":{"start":{"line":24,"column":8},"end":{"line":24,"column":15}},"8":{"start":{"line":27,"column":8},"end":{"line":27,"column":13}},"9":{"start":{"line":30,"column":4},"end":{"line":30,"column":11}}},"fnMap":{"0":{"name":"(anonymous_0)","decl":{"start":{"line":20,"column":7},"end":{"line":20,"column":null}},"loc":{"start":{"line":20,"column":7},"end":{"line":33,"column":null}}},"1":{"name":"(anonymous_1)","decl":{"start":{"line":23,"column":9},"end":{"line":23,"column":null}},"loc":{"start":{"line":23,"column":9},"end":{"line":25,"column":null}}},"2":{"name":"(anonymous_2)","decl":{"start":{"line":26,"column":9},"end":{"line":26,"column":10}},"loc":{"start":{"line":26,"column":15},"end":{"line":28,"column":null}}}},"branchMap":{},"s":{"0":2,"1":2,"2":2,"3":2,"4":2,"5":3,"6":3,"7":3,"8":2,"9":3},"f":{"0":3,"1":3,"2":2},"b":{}}
,"/home/lleshaj/job-search/src/components/JobSearch/HeadLine.vue": {"path":"/home/lleshaj/job-search/src/components/JobSearch/HeadLine.vue","statementMap":{"0":{"start":{"line":15,"column":0},"end":{"line":15,"column":null}},"1":{"start":{"line":16,"column":0},"end":{"line":16,"column":null}},"2":{"start":{"line":25,"column":0},"end":{"line":25,"column":15}},"3":{"start":{"line":28,"column":4},"end":{"line":28,"column":11}},"4":{"start":{"line":35,"column":6},"end":{"line":35,"column":null}},"5":{"start":{"line":41,"column":4},"end":{"line":41,"column":9}},"6":{"start":{"line":44,"column":4},"end":{"line":44,"column":17}},"7":{"start":{"line":47,"column":4},"end":{"line":47,"column":15}},"8":{"start":{"line":48,"column":6},"end":{"line":48,"column":11}},"9":{"start":{"line":49,"column":24},"end":{"line":49,"column":25}},"10":{"start":{"line":51,"column":8},"end":{"line":51,"column":12}}},"fnMap":{"0":{"name":"(anonymous_1)","decl":{"start":{"line":27,"column":2},"end":{"line":27,"column":6}},"loc":{"start":{"line":27,"column":2},"end":{"line":32,"column":null}}},"1":{"name":"(anonymous_2)","decl":{"start":{"line":34,"column":4},"end":{"line":34,"column":17}},"loc":{"start":{"line":34,"column":4},"end":{"line":38,"column":null}}},"2":{"name":"(anonymous_3)","decl":{"start":{"line":40,"column":9},"end":{"line":40,"column":null}},"loc":{"start":{"line":40,"column":9},"end":{"line":42,"column":null}}},"3":{"name":"(anonymous_4)","decl":{"start":{"line":43,"column":15},"end":{"line":43,"column":null}},"loc":{"start":{"line":43,"column":15},"end":{"line":45,"column":null}}},"4":{"name":"(anonymous_5)","decl":{"start":{"line":47,"column":15},"end":{"line":47,"column":null}},"loc":{"start":{"line":47,"column":15},"end":{"line":53,"column":null}}},"5":{"name":"(anonymous_6)","decl":{"start":{"line":48,"column":34},"end":{"line":48,"column":null}},"loc":{"start":{"line":48,"column":34},"end":{"line":52,"column":9}}}},"branchMap":{},"s":{"0":1,"1":1,"2":1,"3":4,"4":7,"5":4,"6":1,"7":4,"8":4,"9":3,"10":3},"f":{"0":4,"1":7,"2":4,"3":1,"4":4,"5":3},"b":{}}
,"/home/lleshaj/job-search/src/components/JobSearch/Spotlight.vue": {"path":"/home/lleshaj/job-search/src/components/JobSearch/Spotlight.vue","statementMap":{"0":{"start":{"line":14,"column":0},"end":{"line":14,"column":null}},"1":{"start":{"line":15,"column":0},"end":{"line":15,"column":null}},"2":{"start":{"line":24,"column":0},"end":{"line":24,"column":15}},"3":{"start":{"line":26,"column":2},"end":{"line":26,"column":7}},"4":{"start":{"line":27,"column":23},"end":{"line":27,"column":40}},"5":{"start":{"line":29,"column":26},"end":{"line":34,"column":null}},"6":{"start":{"line":29,"column":26},"end":{"line":29,"column":null}},"7":{"start":{"line":30,"column":12},"end":{"line":30,"column":19}},"8":{"start":{"line":31,"column":12},"end":{"line":31,"column":15}},"9":{"start":{"line":32,"column":23},"end":{"line":32,"column":29}},"10":{"start":{"line":32,"column":12},"end":{"line":32,"column":20}},"11":{"start":{"line":33,"column":6},"end":{"line":33,"column":16}},"12":{"start":{"line":36,"column":4},"end":{"line":36,"column":14}},"13":{"start":{"line":37,"column":6},"end":{"line":37,"column":null}},"14":{"start":{"line":40,"column":4},"end":{"line":40,"column":11}}},"fnMap":{"0":{"name":"(anonymous_14)","decl":{"start":{"line":26,"column":2},"end":{"line":26,"column":7}},"loc":{"start":{"line":26,"column":2},"end":{"line":43,"column":null}}},"1":{"name":"(anonymous_15)","decl":{"start":{"line":29,"column":26},"end":{"line":29,"column":null}},"loc":{"start":{"line":29,"column":26},"end":{"line":34,"column":null}}},"2":{"name":"(anonymous_18)","decl":{"start":{"line":36,"column":14},"end":{"line":36,"column":null}},"loc":{"start":{"line":36,"column":14},"end":{"line":38,"column":null}}}},"branchMap":{},"s":{"0":1,"1":1,"2":1,"3":3,"4":3,"5":3,"6":3,"7":3,"8":3,"9":3,"10":3,"11":3,"12":3,"13":3,"14":3},"f":{"0":3,"1":6,"2":3},"b":{}}
,"/home/lleshaj/job-search/src/components/JobSearch/jobSearchForm.vue": {"path":"/home/lleshaj/job-search/src/components/JobSearch/jobSearchForm.vue","statementMap":{"0":{"start":{"line":43,"column":0},"end":{"line":43,"column":null}},"1":{"start":{"line":44,"column":0},"end":{"line":44,"column":null}},"2":{"start":{"line":45,"column":0},"end":{"line":45,"column":null}},"3":{"start":{"line":46,"column":0},"end":{"line":46,"column":null}},"4":{"start":{"line":48,"column":0},"end":{"line":48,"column":15}},"5":{"start":{"line":55,"column":19},"end":{"line":55,"column":null}},"6":{"start":{"line":57,"column":17},"end":{"line":57,"column":21}},"7":{"start":{"line":58,"column":21},"end":{"line":58,"column":25}},"8":{"start":{"line":59,"column":26},"end":{"line":67,"column":null}},"9":{"start":{"line":60,"column":6},"end":{"line":60,"column":12}},"10":{"start":{"line":69,"column":4},"end":{"line":69,"column":11}}},"fnMap":{"0":{"name":"(anonymous_1)","decl":{"start":{"line":54,"column":7},"end":{"line":54,"column":null}},"loc":{"start":{"line":54,"column":7},"end":{"line":74,"column":null}}},"1":{"name":"(anonymous_2)","decl":{"start":{"line":59,"column":26},"end":{"line":59,"column":null}},"loc":{"start":{"line":59,"column":26},"end":{"line":67,"column":null}}}},"branchMap":{},"s":{"0":1,"1":1,"2":1,"3":1,"4":1,"5":1,"6":1,"7":1,"8":1,"9":1,"10":1},"f":{"0":1,"1":1},"b":{}}
,"/home/lleshaj/job-search/src/components/Navigation/MainNav.vue": {"path":"/home/lleshaj/job-search/src/components/Navigation/MainNav.vue","statementMap":{"0":{"start":{"line":80,"column":0},"end":{"line":80,"column":null}},"1":{"start":{"line":81,"column":0},"end":{"line":81,"column":null}},"2":{"start":{"line":83,"column":0},"end":{"line":83,"column":null}},"3":{"start":{"line":85,"column":0},"end":{"line":85,"column":null}},"4":{"start":{"line":86,"column":0},"end":{"line":86,"column":null}},"5":{"start":{"line":87,"column":0},"end":{"line":87,"column":null}},"6":{"start":{"line":88,"column":0},"end":{"line":88,"column":null}},"7":{"start":{"line":90,"column":0},"end":{"line":90,"column":15}},"8":{"start":{"line":98,"column":29},"end":{"line":98,"column":45}},"9":{"start":{"line":99,"column":26},"end":{"line":99,"column":42}},"10":{"start":{"line":100,"column":24},"end":{"line":100,"column":40}},"11":{"start":{"line":102,"column":4},"end":{"line":102,"column":11}},"12":{"start":{"line":122,"column":6},"end":{"line":122,"column":13}}},"fnMap":{"0":{"name":"(anonymous_3)","decl":{"start":{"line":97,"column":6},"end":{"line":97,"column":null}},"loc":{"start":{"line":97,"column":6},"end":{"line":119,"column":null}}},"1":{"name":"(anonymous_4)","decl":{"start":{"line":121,"column":21},"end":{"line":121,"column":null}},"loc":{"start":{"line":121,"column":21},"end":{"line":126,"column":null}}}},"branchMap":{},"s":{"0":1,"1":1,"2":1,"3":1,"4":1,"5":1,"6":1,"7":1,"8":4,"9":4,"10":4,"11":4,"12":4},"f":{"0":4,"1":4},"b":{}}
,"/home/lleshaj/job-search/src/components/Navigation/ProfileImage.vue": {"path":"/home/lleshaj/job-search/src/components/Navigation/ProfileImage.vue","statementMap":{"0":{"start":{"line":6,"column":0},"end":{"line":6,"column":null}},"1":{"start":{"line":8,"column":0},"end":{"line":8,"column":15}},"2":{"start":{"line":11,"column":4},"end":{"line":11,"column":11}}},"fnMap":{"0":{"name":"(anonymous_0)","decl":{"start":{"line":10,"column":6},"end":{"line":10,"column":null}},"loc":{"start":{"line":10,"column":6},"end":{"line":15,"column":null}}}},"branchMap":{},"s":{"0":2,"1":2,"2":1},"f":{"0":1},"b":{}}
,"/home/lleshaj/job-search/src/components/Navigation/SubNavigation.vue": {"path":"/home/lleshaj/job-search/src/components/Navigation/SubNavigation.vue","statementMap":{"0":{"start":{"line":18,"column":0},"end":{"line":18,"column":null}},"1":{"start":{"line":20,"column":0},"end":{"line":20,"column":null}},"2":{"start":{"line":22,"column":0},"end":{"line":22,"column":null}},"3":{"start":{"line":23,"column":0},"end":{"line":23,"column":15}},"4":{"start":{"line":26,"column":26},"end":{"line":26,"column":null}},"5":{"start":{"line":28,"column":29},"end":{"line":28,"column":45}},"6":{"start":{"line":30,"column":4},"end":{"line":30,"column":11}}},"fnMap":{"0":{"name":"(anonymous_1)","decl":{"start":{"line":25,"column":7},"end":{"line":25,"column":null}},"loc":{"start":{"line":25,"column":7},"end":{"line":34,"column":null}}}},"branchMap":{},"s":{"0":2,"1":2,"2":2,"3":2,"4":2,"5":2,"6":2},"f":{"0":2},"b":{}}
,"/home/lleshaj/job-search/src/components/Shared/Accordion.vue": {"path":"/home/lleshaj/job-search/src/components/Shared/Accordion.vue","statementMap":{"0":{"start":{"line":20,"column":0},"end":{"line":20,"column":null}},"1":{"start":{"line":21,"column":0},"end":{"line":21,"column":null}},"2":{"start":{"line":23,"column":0},"end":{"line":23,"column":15}},"3":{"start":{"line":32,"column":19},"end":{"line":32,"column":23}},"4":{"start":{"line":33,"column":17},"end":{"line":35,"column":null}},"5":{"start":{"line":34,"column":6},"end":{"line":34,"column":12}},"6":{"start":{"line":36,"column":4},"end":{"line":36,"column":11}}},"fnMap":{"0":{"name":"(anonymous_0)","decl":{"start":{"line":31,"column":7},"end":{"line":31,"column":null}},"loc":{"start":{"line":31,"column":7},"end":{"line":40,"column":null}}},"1":{"name":"(anonymous_1)","decl":{"start":{"line":33,"column":17},"end":{"line":33,"column":null}},"loc":{"start":{"line":33,"column":17},"end":{"line":35,"column":null}}}},"branchMap":{},"s":{"0":2,"1":2,"2":2,"3":2,"4":2,"5":2,"6":2},"f":{"0":2,"1":2},"b":{}}
,"/home/lleshaj/job-search/src/components/Shared/ActionButton.vue": {"path":"/home/lleshaj/job-search/src/components/Shared/ActionButton.vue","statementMap":{"0":{"start":{"line":8,"column":0},"end":{"line":8,"column":null}},"1":{"start":{"line":9,"column":0},"end":{"line":9,"column":null}},"2":{"start":{"line":10,"column":0},"end":{"line":10,"column":15}},"3":{"start":{"line":22,"column":8},"end":{"line":22,"column":15}},"4":{"start":{"line":27,"column":21},"end":{"line":27,"column":null}},"5":{"start":{"line":28,"column":24},"end":{"line":28,"column":33}},"6":{"start":{"line":29,"column":6},"end":{"line":29,"column":null}},"7":{"start":{"line":33,"column":4},"end":{"line":33,"column":11}}},"fnMap":{"0":{"name":"(anonymous_0)","decl":{"start":{"line":21,"column":17},"end":{"line":21,"column":18}},"loc":{"start":{"line":21,"column":31},"end":{"line":23,"column":null}}},"1":{"name":"(anonymous_1)","decl":{"start":{"line":26,"column":7},"end":{"line":26,"column":8}},"loc":{"start":{"line":26,"column":13},"end":{"line":36,"column":null}}},"2":{"name":"(anonymous_2)","decl":{"start":{"line":28,"column":33},"end":{"line":28,"column":null}},"loc":{"start":{"line":28,"column":33},"end":{"line":32,"column":null}}}},"branchMap":{},"s":{"0":5,"1":5,"2":5,"3":8,"4":4,"5":4,"6":4,"7":4},"f":{"0":8,"1":4,"2":4},"b":{}}
,"/home/lleshaj/job-search/src/components/Shared/HeaderContainer.vue": {"path":"/home/lleshaj/job-search/src/components/Shared/HeaderContainer.vue","statementMap":{"0":{"start":{"line":11,"column":0},"end":{"line":11,"column":null}},"1":{"start":{"line":12,"column":0},"end":{"line":12,"column":15}}},"fnMap":{},"branchMap":{},"s":{"0":1,"1":1},"f":{},"b":{}}
,"/home/lleshaj/job-search/src/components/Shared/TextInput.vue": {"path":"/home/lleshaj/job-search/src/components/Shared/TextInput.vue","statementMap":{"0":{"start":{"line":12,"column":0},"end":{"line":12,"column":null}},"1":{"start":{"line":13,"column":0},"end":{"line":13,"column":15}},"2":{"start":{"line":29,"column":21},"end":{"line":29,"column":null}},"3":{"start":{"line":30,"column":6},"end":{"line":30,"column":11}}},"fnMap":{"0":{"name":"(anonymous_0)","decl":{"start":{"line":28,"column":4},"end":{"line":28,"column":15}},"loc":{"start":{"line":28,"column":29},"end":{"line":31,"column":null}}}},"branchMap":{},"s":{"0":2,"1":2,"2":5,"3":5},"f":{"0":5},"b":{}}
,"/home/lleshaj/job-search/src/composables/useConfirmRoute.ts": {"path":"/home/lleshaj/job-search/src/composables/useConfirmRoute.ts","statementMap":{"0":{"start":{"line":1,"column":0},"end":{"line":1,"column":null}},"1":{"start":{"line":2,"column":0},"end":{"line":2,"column":null}},"2":{"start":{"line":4,"column":25},"end":{"line":7,"column":null}},"3":{"start":{"line":5,"column":16},"end":{"line":5,"column":null}},"4":{"start":{"line":6,"column":2},"end":{"line":6,"column":9}},"5":{"start":{"line":6,"column":24},"end":{"line":6,"column":null}},"6":{"start":{"line":9,"column":0},"end":{"line":9,"column":15}}},"fnMap":{"0":{"name":"(anonymous_0)","decl":{"start":{"line":4,"column":25},"end":{"line":4,"column":46}},"loc":{"start":{"line":4,"column":46},"end":{"line":7,"column":null}}},"1":{"name":"(anonymous_1)","decl":{"start":{"line":6,"column":18},"end":{"line":6,"column":24}},"loc":{"start":{"line":6,"column":24},"end":{"line":6,"column":null}}}},"branchMap":{},"s":{"0":3,"1":3,"2":3,"3":13,"4":13,"5":1,"6":3},"f":{"0":13,"1":1},"b":{}}
,"/home/lleshaj/job-search/src/composables/useCurrentPage.ts": {"path":"/home/lleshaj/job-search/src/composables/useCurrentPage.ts","statementMap":{"0":{"start":{"line":1,"column":0},"end":{"line":1,"column":null}},"1":{"start":{"line":2,"column":0},"end":{"line":2,"column":null}},"2":{"start":{"line":4,"column":23},"end":{"line":8,"column":null}},"3":{"start":{"line":5,"column":16},"end":{"line":5,"column":null}},"4":{"start":{"line":6,"column":15},"end":{"line":6,"column":null}},"5":{"start":{"line":7,"column":2},"end":{"line":7,"column":9}},"6":{"start":{"line":7,"column":24},"end":{"line":7,"column":30}},"7":{"start":{"line":10,"column":0},"end":{"line":10,"column":15}}},"fnMap":{"0":{"name":"(anonymous_0)","decl":{"start":{"line":4,"column":23},"end":{"line":4,"column":28}},"loc":{"start":{"line":4,"column":28},"end":{"line":8,"column":null}}},"1":{"name":"(anonymous_1)","decl":{"start":{"line":7,"column":18},"end":{"line":7,"column":24}},"loc":{"start":{"line":7,"column":24},"end":{"line":7,"column":30}}}},"branchMap":{"0":{"loc":{"start":{"line":7,"column":40},"end":{"line":7,"column":null}},"type":"binary-expr","locations":[{"start":{"line":7,"column":40},"end":{"line":7,"column":44}},{"start":{"line":7,"column":48},"end":{"line":7,"column":null}}]}},"s":{"0":2,"1":2,"2":2,"3":2,"4":2,"5":2,"6":2,"7":2},"f":{"0":2,"1":2},"b":{"0":[2,1]}}
,"/home/lleshaj/job-search/src/composables/usePreviousAndNextPages.ts": {"path":"/home/lleshaj/job-search/src/composables/usePreviousAndNextPages.ts","statementMap":{"0":{"start":{"line":1,"column":0},"end":{"line":1,"column":null}},"1":{"start":{"line":7,"column":32},"end":{"line":25,"column":null}},"2":{"start":{"line":11,"column":23},"end":{"line":11,"column":32}},"3":{"start":{"line":12,"column":25},"end":{"line":12,"column":null}},"4":{"start":{"line":13,"column":22},"end":{"line":13,"column":null}},"5":{"start":{"line":14,"column":4},"end":{"line":14,"column":11}},"6":{"start":{"line":17,"column":19},"end":{"line":17,"column":28}},"7":{"start":{"line":18,"column":21},"end":{"line":18,"column":null}},"8":{"start":{"line":19,"column":4},"end":{"line":19,"column":11}},"9":{"start":{"line":21,"column":2},"end":{"line":21,"column":9}},"10":{"start":{"line":26,"column":0},"end":{"line":26,"column":15}}},"fnMap":{"0":{"name":"(anonymous_0)","decl":{"start":{"line":7,"column":32},"end":{"line":7,"column":null}},"loc":{"start":{"line":10,"column":4},"end":{"line":25,"column":null}}},"1":{"name":"(anonymous_1)","decl":{"start":{"line":11,"column":32},"end":{"line":11,"column":37}},"loc":{"start":{"line":11,"column":37},"end":{"line":15,"column":null}}},"2":{"name":"(anonymous_2)","decl":{"start":{"line":17,"column":28},"end":{"line":17,"column":33}},"loc":{"start":{"line":17,"column":33},"end":{"line":20,"column":null}}}},"branchMap":{"0":{"loc":{"start":{"line":14,"column":11},"end":{"line":14,"column":null}},"type":"cond-expr","locations":[{"start":{"line":14,"column":39},"end":{"line":14,"column":54}},{"start":{"line":14,"column":54},"end":{"line":14,"column":null}}]},"1":{"loc":{"start":{"line":19,"column":11},"end":{"line":19,"column":null}},"type":"cond-expr","locations":[{"start":{"line":19,"column":39},"end":{"line":19,"column":50}},{"start":{"line":19,"column":50},"end":{"line":19,"column":null}}]}},"s":{"0":2,"1":2,"2":4,"3":2,"4":2,"5":2,"6":4,"7":2,"8":2,"9":4,"10":2},"f":{"0":4,"1":2,"2":2},"b":{"0":[1,1],"1":[1,1]}}
,"/home/lleshaj/job-search/src/store/actions.ts": {"path":"/home/lleshaj/job-search/src/store/actions.ts","statementMap":{"0":{"start":{"line":2,"column":0},"end":{"line":2,"column":null}},"1":{"start":{"line":3,"column":0},"end":{"line":3,"column":null}},"2":{"start":{"line":4,"column":0},"end":{"line":4,"column":null}},"3":{"start":{"line":5,"column":0},"end":{"line":5,"column":null}},"4":{"start":{"line":17,"column":16},"end":{"line":17,"column":null}},"5":{"start":{"line":19,"column":24},"end":{"line":19,"column":null}},"6":{"start":{"line":20,"column":4},"end":{"line":20,"column":11}},"7":{"start":{"line":23,"column":20},"end":{"line":23,"column":null}},"8":{"start":{"line":24,"column":4},"end":{"line":24,"column":11}},"9":{"start":{"line":27,"column":18},"end":{"line":27,"column":null}},"10":{"start":{"line":28,"column":4},"end":{"line":28,"column":11}},"11":{"start":{"line":32,"column":0},"end":{"line":32,"column":15}}},"fnMap":{"0":{"name":"(anonymous_1)","decl":{"start":{"line":18,"column":16},"end":{"line":18,"column":23}},"loc":{"start":{"line":18,"column":43},"end":{"line":21,"column":null}}},"1":{"name":"(anonymous_2)","decl":{"start":{"line":22,"column":19},"end":{"line":22,"column":26}},"loc":{"start":{"line":22,"column":46},"end":{"line":25,"column":null}}},"2":{"name":"(anonymous_3)","decl":{"start":{"line":26,"column":17},"end":{"line":26,"column":24}},"loc":{"start":{"line":26,"column":44},"end":{"line":29,"column":null}}}},"branchMap":{},"s":{"0":15,"1":15,"2":15,"3":15,"4":15,"5":2,"6":2,"7":2,"8":2,"9":2,"10":2,"11":15},"f":{"0":2,"1":2,"2":2},"b":{}}
,"/home/lleshaj/job-search/src/store/composables.ts": {"path":"/home/lleshaj/job-search/src/store/composables.ts","statementMap":{"0":{"start":{"line":1,"column":0},"end":{"line":1,"column":null}},"1":{"start":{"line":2,"column":0},"end":{"line":2,"column":null}},"2":{"start":{"line":4,"column":0},"end":{"line":4,"column":null}},"3":{"start":{"line":23,"column":0},"end":{"line":23,"column":null}},"4":{"start":{"line":26,"column":31},"end":{"line":29,"column":null}},"5":{"start":{"line":27,"column":16},"end":{"line":27,"column":25}},"6":{"start":{"line":28,"column":2},"end":{"line":28,"column":9}},"7":{"start":{"line":28,"column":31},"end":{"line":28,"column":36}},"8":{"start":{"line":26,"column":13},"end":{"line":26,"column":28}},"9":{"start":{"line":30,"column":32},"end":{"line":33,"column":null}},"10":{"start":{"line":31,"column":16},"end":{"line":31,"column":25}},"11":{"start":{"line":32,"column":2},"end":{"line":32,"column":9}},"12":{"start":{"line":32,"column":32},"end":{"line":32,"column":37}},"13":{"start":{"line":30,"column":13},"end":{"line":30,"column":29}},"14":{"start":{"line":35,"column":33},"end":{"line":38,"column":null}},"15":{"start":{"line":36,"column":16},"end":{"line":36,"column":25}},"16":{"start":{"line":37,"column":2},"end":{"line":37,"column":9}},"17":{"start":{"line":37,"column":37},"end":{"line":37,"column":42}},"18":{"start":{"line":35,"column":13},"end":{"line":35,"column":30}},"19":{"start":{"line":40,"column":38},"end":{"line":43,"column":null}},"20":{"start":{"line":41,"column":16},"end":{"line":41,"column":25}},"21":{"start":{"line":42,"column":2},"end":{"line":42,"column":9}},"22":{"start":{"line":42,"column":37},"end":{"line":42,"column":42}},"23":{"start":{"line":40,"column":13},"end":{"line":40,"column":35}},"24":{"start":{"line":45,"column":32},"end":{"line":48,"column":null}},"25":{"start":{"line":46,"column":16},"end":{"line":46,"column":25}},"26":{"start":{"line":47,"column":2},"end":{"line":47,"column":9}},"27":{"start":{"line":47,"column":37},"end":{"line":47,"column":42}},"28":{"start":{"line":45,"column":13},"end":{"line":45,"column":29}},"29":{"start":{"line":50,"column":34},"end":{"line":53,"column":null}},"30":{"start":{"line":51,"column":16},"end":{"line":51,"column":25}},"31":{"start":{"line":52,"column":2},"end":{"line":52,"column":9}},"32":{"start":{"line":52,"column":37},"end":{"line":52,"column":42}},"33":{"start":{"line":50,"column":13},"end":{"line":50,"column":31}},"34":{"start":{"line":54,"column":39},"end":{"line":57,"column":null}},"35":{"start":{"line":55,"column":16},"end":{"line":55,"column":25}},"36":{"start":{"line":56,"column":2},"end":{"line":56,"column":9}},"37":{"start":{"line":56,"column":37},"end":{"line":56,"column":42}},"38":{"start":{"line":54,"column":13},"end":{"line":54,"column":36}},"39":{"start":{"line":58,"column":38},"end":{"line":61,"column":null}},"40":{"start":{"line":59,"column":16},"end":{"line":59,"column":25}},"41":{"start":{"line":60,"column":2},"end":{"line":60,"column":9}},"42":{"start":{"line":60,"column":37},"end":{"line":60,"column":42}},"43":{"start":{"line":58,"column":13},"end":{"line":58,"column":35}},"44":{"start":{"line":63,"column":32},"end":{"line":66,"column":null}},"45":{"start":{"line":64,"column":16},"end":{"line":64,"column":25}},"46":{"start":{"line":65,"column":2},"end":{"line":65,"column":9}},"47":{"start":{"line":65,"column":37},"end":{"line":65,"column":42}},"48":{"start":{"line":63,"column":13},"end":{"line":63,"column":29}},"49":{"start":{"line":68,"column":32},"end":{"line":71,"column":null}},"50":{"start":{"line":69,"column":16},"end":{"line":69,"column":25}},"51":{"start":{"line":70,"column":2},"end":{"line":70,"column":9}},"52":{"start":{"line":70,"column":37},"end":{"line":70,"column":42}},"53":{"start":{"line":68,"column":13},"end":{"line":68,"column":29}},"54":{"start":{"line":72,"column":28},"end":{"line":75,"column":null}},"55":{"start":{"line":73,"column":16},"end":{"line":73,"column":25}},"56":{"start":{"line":74,"column":2},"end":{"line":74,"column":9}},"57":{"start":{"line":74,"column":37},"end":{"line":74,"column":42}},"58":{"start":{"line":72,"column":13},"end":{"line":72,"column":25}},"59":{"start":{"line":78,"column":36},"end":{"line":81,"column":null}},"60":{"start":{"line":79,"column":16},"end":{"line":79,"column":25}},"61":{"start":{"line":80,"column":2},"end":{"line":80,"column":9}},"62":{"start":{"line":78,"column":13},"end":{"line":78,"column":33}},"63":{"start":{"line":83,"column":39},"end":{"line":86,"column":null}},"64":{"start":{"line":84,"column":16},"end":{"line":84,"column":25}},"65":{"start":{"line":85,"column":2},"end":{"line":85,"column":9}},"66":{"start":{"line":83,"column":13},"end":{"line":83,"column":36}},"67":{"start":{"line":87,"column":37},"end":{"line":90,"column":null}},"68":{"start":{"line":88,"column":16},"end":{"line":88,"column":25}},"69":{"start":{"line":89,"column":2},"end":{"line":89,"column":9}},"70":{"start":{"line":87,"column":13},"end":{"line":87,"column":34}}},"fnMap":{"0":{"name":"(anonymous_0)","decl":{"start":{"line":26,"column":31},"end":{"line":26,"column":36}},"loc":{"start":{"line":26,"column":36},"end":{"line":29,"column":null}}},"1":{"name":"(anonymous_1)","decl":{"start":{"line":28,"column":25},"end":{"line":28,"column":31}},"loc":{"start":{"line":28,"column":31},"end":{"line":28,"column":36}}},"2":{"name":"(anonymous_2)","decl":{"start":{"line":30,"column":32},"end":{"line":30,"column":37}},"loc":{"start":{"line":30,"column":37},"end":{"line":33,"column":null}}},"3":{"name":"(anonymous_3)","decl":{"start":{"line":32,"column":26},"end":{"line":32,"column":32}},"loc":{"start":{"line":32,"column":32},"end":{"line":32,"column":37}}},"4":{"name":"(anonymous_4)","decl":{"start":{"line":35,"column":33},"end":{"line":35,"column":38}},"loc":{"start":{"line":35,"column":38},"end":{"line":38,"column":null}}},"5":{"name":"(anonymous_5)","decl":{"start":{"line":37,"column":31},"end":{"line":37,"column":37}},"loc":{"start":{"line":37,"column":37},"end":{"line":37,"column":42}}},"6":{"name":"(anonymous_6)","decl":{"start":{"line":40,"column":38},"end":{"line":40,"column":43}},"loc":{"start":{"line":40,"column":43},"end":{"line":43,"column":null}}},"7":{"name":"(anonymous_7)","decl":{"start":{"line":42,"column":31},"end":{"line":42,"column":37}},"loc":{"start":{"line":42,"column":37},"end":{"line":42,"column":42}}},"8":{"name":"(anonymous_8)","decl":{"start":{"line":45,"column":32},"end":{"line":45,"column":37}},"loc":{"start":{"line":45,"column":37},"end":{"line":48,"column":null}}},"9":{"name":"(anonymous_9)","decl":{"start":{"line":47,"column":31},"end":{"line":47,"column":37}},"loc":{"start":{"line":47,"column":37},"end":{"line":47,"column":42}}},"10":{"name":"(anonymous_10)","decl":{"start":{"line":50,"column":34},"end":{"line":50,"column":39}},"loc":{"start":{"line":50,"column":39},"end":{"line":53,"column":null}}},"11":{"name":"(anonymous_11)","decl":{"start":{"line":52,"column":31},"end":{"line":52,"column":37}},"loc":{"start":{"line":52,"column":37},"end":{"line":52,"column":42}}},"12":{"name":"(anonymous_12)","decl":{"start":{"line":54,"column":39},"end":{"line":54,"column":44}},"loc":{"start":{"line":54,"column":44},"end":{"line":57,"column":null}}},"13":{"name":"(anonymous_13)","decl":{"start":{"line":56,"column":31},"end":{"line":56,"column":37}},"loc":{"start":{"line":56,"column":37},"end":{"line":56,"column":42}}},"14":{"name":"(anonymous_14)","decl":{"start":{"line":58,"column":38},"end":{"line":58,"column":43}},"loc":{"start":{"line":58,"column":43},"end":{"line":61,"column":null}}},"15":{"name":"(anonymous_15)","decl":{"start":{"line":60,"column":31},"end":{"line":60,"column":37}},"loc":{"start":{"line":60,"column":37},"end":{"line":60,"column":42}}},"16":{"name":"(anonymous_16)","decl":{"start":{"line":63,"column":32},"end":{"line":63,"column":37}},"loc":{"start":{"line":63,"column":37},"end":{"line":66,"column":null}}},"17":{"name":"(anonymous_17)","decl":{"start":{"line":65,"column":31},"end":{"line":65,"column":37}},"loc":{"start":{"line":65,"column":37},"end":{"line":65,"column":42}}},"18":{"name":"(anonymous_18)","decl":{"start":{"line":68,"column":32},"end":{"line":68,"column":37}},"loc":{"start":{"line":68,"column":37},"end":{"line":71,"column":null}}},"19":{"name":"(anonymous_19)","decl":{"start":{"line":70,"column":31},"end":{"line":70,"column":37}},"loc":{"start":{"line":70,"column":37},"end":{"line":70,"column":42}}},"20":{"name":"(anonymous_20)","decl":{"start":{"line":72,"column":28},"end":{"line":72,"column":33}},"loc":{"start":{"line":72,"column":33},"end":{"line":75,"column":null}}},"21":{"name":"(anonymous_21)","decl":{"start":{"line":74,"column":31},"end":{"line":74,"column":37}},"loc":{"start":{"line":74,"column":37},"end":{"line":74,"column":42}}},"22":{"name":"(anonymous_22)","decl":{"start":{"line":78,"column":36},"end":{"line":78,"column":41}},"loc":{"start":{"line":78,"column":41},"end":{"line":81,"column":null}}},"23":{"name":"(anonymous_23)","decl":{"start":{"line":83,"column":39},"end":{"line":83,"column":44}},"loc":{"start":{"line":83,"column":44},"end":{"line":86,"column":null}}},"24":{"name":"(anonymous_24)","decl":{"start":{"line":87,"column":37},"end":{"line":87,"column":42}},"loc":{"start":{"line":87,"column":42},"end":{"line":90,"column":null}}}},"branchMap":{},"s":{"0":8,"1":8,"2":8,"3":8,"4":8,"5":1,"6":1,"7":1,"8":8,"9":8,"10":1,"11":1,"12":1,"13":8,"14":8,"15":1,"16":1,"17":1,"18":8,"19":8,"20":1,"21":1,"22":1,"23":8,"24":8,"25":1,"26":1,"27":1,"28":8,"29":8,"30":1,"31":1,"32":1,"33":8,"34":8,"35":1,"36":1,"37":1,"38":8,"39":8,"40":1,"41":1,"42":1,"43":8,"44":8,"45":1,"46":1,"47":1,"48":8,"49":8,"50":1,"51":1,"52":1,"53":8,"54":8,"55":1,"56":1,"57":1,"58":8,"59":8,"60":1,"61":1,"62":8,"63":8,"64":1,"65":1,"66":8,"67":8,"68":1,"69":1,"70":8},"f":{"0":1,"1":1,"2":1,"3":1,"4":1,"5":1,"6":1,"7":1,"8":1,"9":1,"10":1,"11":1,"12":1,"13":1,"14":1,"15":1,"16":1,"17":1,"18":1,"19":1,"20":1,"21":1,"22":1,"23":1,"24":1},"b":{}}
,"/home/lleshaj/job-search/src/store/constants.ts": {"path":"/home/lleshaj/job-search/src/store/constants.ts","statementMap":{"0":{"start":{"line":2,"column":13},"end":{"line":2,"column":26}},"1":{"start":{"line":5,"column":13},"end":{"line":5,"column":28}},"2":{"start":{"line":6,"column":13},"end":{"line":6,"column":26}},"3":{"start":{"line":7,"column":13},"end":{"line":7,"column":29}},"4":{"start":{"line":8,"column":13},"end":{"line":8,"column":null}},"5":{"start":{"line":12,"column":13},"end":{"line":12,"column":36}},"6":{"start":{"line":13,"column":13},"end":{"line":13,"column":42}},"7":{"start":{"line":14,"column":13},"end":{"line":14,"column":43}},"8":{"start":{"line":17,"column":13},"end":{"line":17,"column":32}},"9":{"start":{"line":18,"column":13},"end":{"line":18,"column":38}},"10":{"start":{"line":19,"column":13},"end":{"line":19,"column":39}},"11":{"start":{"line":22,"column":13},"end":{"line":22,"column":31}},"12":{"start":{"line":23,"column":13},"end":{"line":23,"column":29}},"13":{"start":{"line":24,"column":13},"end":{"line":24,"column":30}},"14":{"start":{"line":25,"column":13},"end":{"line":25,"column":37}},"15":{"start":{"line":26,"column":13},"end":{"line":26,"column":36}},"16":{"start":{"line":29,"column":13},"end":{"line":29,"column":41}},"17":{"start":{"line":30,"column":13},"end":{"line":30,"column":36}},"18":{"start":{"line":33,"column":13},"end":{"line":33,"column":43}},"19":{"start":{"line":34,"column":13},"end":{"line":34,"column":39}},"20":{"start":{"line":37,"column":13},"end":{"line":37,"column":30}},"21":{"start":{"line":38,"column":13},"end":{"line":38,"column":27}},"22":{"start":{"line":39,"column":13},"end":{"line":39,"column":29}},"23":{"start":{"line":40,"column":13},"end":{"line":40,"column":32}},"24":{"start":{"line":41,"column":13},"end":{"line":41,"column":37}},"25":{"start":{"line":42,"column":13},"end":{"line":42,"column":32}},"26":{"start":{"line":43,"column":13},"end":{"line":43,"column":30}},"27":{"start":{"line":44,"column":13},"end":{"line":44,"column":30}},"28":{"start":{"line":45,"column":13},"end":{"line":45,"column":26}},"29":{"start":{"line":46,"column":13},"end":{"line":46,"column":38}},"30":{"start":{"line":47,"column":13},"end":{"line":47,"column":43}},"31":{"start":{"line":48,"column":13},"end":{"line":48,"column":43}},"32":{"start":{"line":49,"column":13},"end":{"line":49,"column":36}},"33":{"start":{"line":50,"column":13},"end":{"line":50,"column":32}},"34":{"start":{"line":51,"column":13},"end":{"line":51,"column":null}},"35":{"start":{"line":53,"column":13},"end":{"line":53,"column":39}},"36":{"start":{"line":54,"column":13},"end":{"line":54,"column":38}},"37":{"start":{"line":55,"column":13},"end":{"line":55,"column":41}},"38":{"start":{"line":58,"column":13},"end":{"line":58,"column":40}},"39":{"start":{"line":59,"column":13},"end":{"line":59,"column":45}},"40":{"start":{"line":60,"column":13},"end":{"line":60,"column":40}},"41":{"start":{"line":61,"column":13},"end":{"line":61,"column":35}},"42":{"start":{"line":62,"column":13},"end":{"line":62,"column":36}},"43":{"start":{"line":63,"column":13},"end":{"line":63,"column":39}},"44":{"start":{"line":64,"column":13},"end":{"line":64,"column":35}},"45":{"start":{"line":65,"column":13},"end":{"line":65,"column":40}},"46":{"start":{"line":66,"column":13},"end":{"line":66,"column":39}},"47":{"start":{"line":67,"column":13},"end":{"line":67,"column":38}}},"fnMap":{},"branchMap":{},"s":{"0":17,"1":17,"2":17,"3":17,"4":17,"5":17,"6":17,"7":17,"8":17,"9":17,"10":17,"11":17,"12":17,"13":17,"14":17,"15":17,"16":17,"17":17,"18":17,"19":17,"20":17,"21":17,"22":17,"23":17,"24":17,"25":17,"26":17,"27":17,"28":17,"29":17,"30":17,"31":17,"32":17,"33":17,"34":17,"35":17,"36":17,"37":17,"38":17,"39":17,"40":17,"41":17,"42":17,"43":17,"44":17,"45":17,"46":17,"47":17},"f":{},"b":{}}
,"/home/lleshaj/job-search/src/store/getters.ts": {"path":"/home/lleshaj/job-search/src/store/getters.ts","statementMap":{"0":{"start":{"line":1,"column":0},"end":{"line":1,"column":null}},"1":{"start":{"line":53,"column":16},"end":{"line":53,"column":null}},"2":{"start":{"line":55,"column":32},"end":{"line":55,"column":36}},"3":{"start":{"line":56,"column":4},"end":{"line":56,"column":9}},"4":{"start":{"line":56,"column":32},"end":{"line":56,"column":51}},"5":{"start":{"line":57,"column":4},"end":{"line":57,"column":11}},"6":{"start":{"line":60,"column":27},"end":{"line":60,"column":31}},"7":{"start":{"line":61,"column":4},"end":{"line":61,"column":9}},"8":{"start":{"line":61,"column":32},"end":{"line":61,"column":46}},"9":{"start":{"line":62,"column":4},"end":{"line":62,"column":11}},"10":{"start":{"line":65,"column":4},"end":{"line":65,"column":11}},"11":{"start":{"line":65,"column":41},"end":{"line":65,"column":null}},"12":{"start":{"line":67,"column":58},"end":{"line":70,"column":null}},"13":{"start":{"line":68,"column":4},"end":{"line":68,"column":57}},"14":{"start":{"line":68,"column":50},"end":{"line":68,"column":57}},"15":{"start":{"line":69,"column":4},"end":{"line":69,"column":11}},"16":{"start":{"line":71,"column":54},"end":{"line":74,"column":null}},"17":{"start":{"line":72,"column":4},"end":{"line":72,"column":52}},"18":{"start":{"line":72,"column":45},"end":{"line":72,"column":52}},"19":{"start":{"line":73,"column":4},"end":{"line":73,"column":11}},"20":{"start":{"line":75,"column":52},"end":{"line":78,"column":null}},"21":{"start":{"line":76,"column":4},"end":{"line":76,"column":51}},"22":{"start":{"line":76,"column":44},"end":{"line":76,"column":51}},"23":{"start":{"line":77,"column":4},"end":{"line":77,"column":11}},"24":{"start":{"line":79,"column":51},"end":{"line":83,"column":null}},"25":{"start":{"line":80,"column":4},"end":{"line":80,"column":11}},"26":{"start":{"line":84,"column":54},"end":{"line":88,"column":null}},"27":{"start":{"line":85,"column":4},"end":{"line":85,"column":11}},"28":{"start":{"line":90,"column":4},"end":{"line":90,"column":11}},"29":{"start":{"line":91,"column":23},"end":{"line":91,"column":30}},"30":{"start":{"line":92,"column":23},"end":{"line":92,"column":30}},"31":{"start":{"line":93,"column":23},"end":{"line":93,"column":30}},"32":{"start":{"line":94,"column":23},"end":{"line":94,"column":30}},"33":{"start":{"line":95,"column":23},"end":{"line":95,"column":30}},"34":{"start":{"line":100,"column":28},"end":{"line":100,"column":32}},"35":{"start":{"line":101,"column":4},"end":{"line":101,"column":9}},"36":{"start":{"line":101,"column":34},"end":{"line":101,"column":49}},"37":{"start":{"line":102,"column":4},"end":{"line":102,"column":11}},"38":{"start":{"line":105,"column":26},"end":{"line":105,"column":30}},"39":{"start":{"line":106,"column":4},"end":{"line":106,"column":9}},"40":{"start":{"line":107,"column":6},"end":{"line":107,"column":21}},"41":{"start":{"line":109,"column":4},"end":{"line":109,"column":11}},"42":{"start":{"line":112,"column":26},"end":{"line":112,"column":30}},"43":{"start":{"line":113,"column":4},"end":{"line":113,"column":9}},"44":{"start":{"line":113,"column":34},"end":{"line":113,"column":47}},"45":{"start":{"line":114,"column":4},"end":{"line":114,"column":11}},"46":{"start":{"line":117,"column":22},"end":{"line":117,"column":26}},"47":{"start":{"line":118,"column":4},"end":{"line":118,"column":9}},"48":{"start":{"line":118,"column":34},"end":{"line":118,"column":43}},"49":{"start":{"line":119,"column":4},"end":{"line":119,"column":11}},"50":{"start":{"line":122,"column":33},"end":{"line":122,"column":37}},"51":{"start":{"line":123,"column":4},"end":{"line":123,"column":9}},"52":{"start":{"line":123,"column":34},"end":{"line":123,"column":54}},"53":{"start":{"line":124,"column":4},"end":{"line":124,"column":11}},"54":{"start":{"line":126,"column":55},"end":{"line":129,"column":null}},"55":{"start":{"line":127,"column":4},"end":{"line":127,"column":55}},"56":{"start":{"line":127,"column":48},"end":{"line":127,"column":55}},"57":{"start":{"line":128,"column":4},"end":{"line":128,"column":11}},"58":{"start":{"line":130,"column":60},"end":{"line":133,"column":null}},"59":{"start":{"line":131,"column":4},"end":{"line":131,"column":58}},"60":{"start":{"line":131,"column":51},"end":{"line":131,"column":58}},"61":{"start":{"line":132,"column":4},"end":{"line":132,"column":11}},"62":{"start":{"line":134,"column":55},"end":{"line":139,"column":null}},"63":{"start":{"line":135,"column":4},"end":{"line":135,"column":53}},"64":{"start":{"line":135,"column":46},"end":{"line":135,"column":53}},"65":{"start":{"line":136,"column":4},"end":{"line":136,"column":11}},"66":{"start":{"line":137,"column":6},"end":{"line":137,"column":10}},"67":{"start":{"line":140,"column":50},"end":{"line":144,"column":null}},"68":{"start":{"line":141,"column":4},"end":{"line":141,"column":11}},"69":{"start":{"line":145,"column":51},"end":{"line":147,"column":null}},"70":{"start":{"line":146,"column":4},"end":{"line":146,"column":11}},"71":{"start":{"line":148,"column":53},"end":{"line":152,"column":null}},"72":{"start":{"line":149,"column":4},"end":{"line":149,"column":11}},"73":{"start":{"line":153,"column":54},"end":{"line":156,"column":null}},"74":{"start":{"line":154,"column":4},"end":{"line":154,"column":55}},"75":{"start":{"line":154,"column":48},"end":{"line":154,"column":55}},"76":{"start":{"line":155,"column":4},"end":{"line":155,"column":11}},"77":{"start":{"line":157,"column":50},"end":{"line":160,"column":null}},"78":{"start":{"line":158,"column":4},"end":{"line":158,"column":51}},"79":{"start":{"line":158,"column":44},"end":{"line":158,"column":51}},"80":{"start":{"line":159,"column":4},"end":{"line":159,"column":11}},"81":{"start":{"line":161,"column":54},"end":{"line":164,"column":null}},"82":{"start":{"line":162,"column":4},"end":{"line":162,"column":55}},"83":{"start":{"line":162,"column":48},"end":{"line":162,"column":55}},"84":{"start":{"line":163,"column":4},"end":{"line":163,"column":11}},"85":{"start":{"line":166,"column":4},"end":{"line":166,"column":11}},"86":{"start":{"line":167,"column":24},"end":{"line":167,"column":31}},"87":{"start":{"line":168,"column":24},"end":{"line":168,"column":31}},"88":{"start":{"line":169,"column":24},"end":{"line":169,"column":31}},"89":{"start":{"line":170,"column":24},"end":{"line":170,"column":31}},"90":{"start":{"line":171,"column":24},"end":{"line":171,"column":31}},"91":{"start":{"line":172,"column":24},"end":{"line":172,"column":31}},"92":{"start":{"line":173,"column":24},"end":{"line":173,"column":31}},"93":{"start":{"line":174,"column":24},"end":{"line":174,"column":31}},"94":{"start":{"line":175,"column":24},"end":{"line":175,"column":31}},"95":{"start":{"line":178,"column":0},"end":{"line":178,"column":15}}},"fnMap":{"0":{"name":"(anonymous_0)","decl":{"start":{"line":54,"column":2},"end":{"line":54,"column":3}},"loc":{"start":{"line":54,"column":43},"end":{"line":58,"column":null}}},"1":{"name":"(anonymous_1)","decl":{"start":{"line":56,"column":24},"end":{"line":56,"column":32}},"loc":{"start":{"line":56,"column":32},"end":{"line":56,"column":51}}},"2":{"name":"(anonymous_2)","decl":{"start":{"line":59,"column":2},"end":{"line":59,"column":3}},"loc":{"start":{"line":59,"column":39},"end":{"line":63,"column":null}}},"3":{"name":"(anonymous_3)","decl":{"start":{"line":61,"column":24},"end":{"line":61,"column":32}},"loc":{"start":{"line":61,"column":32},"end":{"line":61,"column":46}}},"4":{"name":"(anonymous_4)","decl":{"start":{"line":64,"column":2},"end":{"line":64,"column":3}},"loc":{"start":{"line":64,"column":37},"end":{"line":66,"column":null}}},"5":{"name":"(anonymous_5)","decl":{"start":{"line":65,"column":30},"end":{"line":65,"column":41}},"loc":{"start":{"line":65,"column":41},"end":{"line":65,"column":null}}},"6":{"name":"(anonymous_6)","decl":{"start":{"line":67,"column":34},"end":{"line":67,"column":57}},"loc":{"start":{"line":67,"column":58},"end":{"line":70,"column":null}}},"7":{"name":"(anonymous_7)","decl":{"start":{"line":67,"column":58},"end":{"line":67,"column":70}},"loc":{"start":{"line":67,"column":70},"end":{"line":70,"column":null}}},"8":{"name":"(anonymous_8)","decl":{"start":{"line":71,"column":30},"end":{"line":71,"column":53}},"loc":{"start":{"line":71,"column":54},"end":{"line":74,"column":null}}},"9":{"name":"(anonymous_9)","decl":{"start":{"line":71,"column":54},"end":{"line":71,"column":66}},"loc":{"start":{"line":71,"column":66},"end":{"line":74,"column":null}}},"10":{"name":"(anonymous_10)","decl":{"start":{"line":75,"column":28},"end":{"line":75,"column":51}},"loc":{"start":{"line":75,"column":52},"end":{"line":78,"column":null}}},"11":{"name":"(anonymous_11)","decl":{"start":{"line":75,"column":52},"end":{"line":75,"column":64}},"loc":{"start":{"line":75,"column":64},"end":{"line":78,"column":null}}},"12":{"name":"(anonymous_12)","decl":{"start":{"line":79,"column":27},"end":{"line":79,"column":50}},"loc":{"start":{"line":79,"column":51},"end":{"line":83,"column":null}}},"13":{"name":"(anonymous_13)","decl":{"start":{"line":79,"column":51},"end":{"line":79,"column":63}},"loc":{"start":{"line":79,"column":63},"end":{"line":83,"column":null}}},"14":{"name":"(anonymous_14)","decl":{"start":{"line":84,"column":30},"end":{"line":84,"column":53}},"loc":{"start":{"line":84,"column":54},"end":{"line":88,"column":null}}},"15":{"name":"(anonymous_15)","decl":{"start":{"line":84,"column":54},"end":{"line":84,"column":66}},"loc":{"start":{"line":84,"column":66},"end":{"line":88,"column":null}}},"16":{"name":"(anonymous_16)","decl":{"start":{"line":89,"column":2},"end":{"line":89,"column":3}},"loc":{"start":{"line":89,"column":64},"end":{"line":96,"column":null}}},"17":{"name":"(anonymous_17)","decl":{"start":{"line":91,"column":15},"end":{"line":91,"column":23}},"loc":{"start":{"line":91,"column":23},"end":{"line":91,"column":30}}},"18":{"name":"(anonymous_18)","decl":{"start":{"line":92,"column":15},"end":{"line":92,"column":23}},"loc":{"start":{"line":92,"column":23},"end":{"line":92,"column":30}}},"19":{"name":"(anonymous_19)","decl":{"start":{"line":93,"column":15},"end":{"line":93,"column":23}},"loc":{"start":{"line":93,"column":23},"end":{"line":93,"column":30}}},"20":{"name":"(anonymous_20)","decl":{"start":{"line":94,"column":15},"end":{"line":94,"column":23}},"loc":{"start":{"line":94,"column":23},"end":{"line":94,"column":30}}},"21":{"name":"(anonymous_21)","decl":{"start":{"line":95,"column":15},"end":{"line":95,"column":23}},"loc":{"start":{"line":95,"column":23},"end":{"line":95,"column":30}}},"22":{"name":"(anonymous_22)","decl":{"start":{"line":99,"column":2},"end":{"line":99,"column":3}},"loc":{"start":{"line":99,"column":39},"end":{"line":103,"column":null}}},"23":{"name":"(anonymous_23)","decl":{"start":{"line":101,"column":25},"end":{"line":101,"column":34}},"loc":{"start":{"line":101,"column":34},"end":{"line":101,"column":49}}},"24":{"name":"(anonymous_24)","decl":{"start":{"line":104,"column":2},"end":{"line":104,"column":3}},"loc":{"start":{"line":104,"column":39},"end":{"line":110,"column":null}}},"25":{"name":"(anonymous_25)","decl":{"start":{"line":106,"column":25},"end":{"line":106,"column":33}},"loc":{"start":{"line":106,"column":33},"end":{"line":108,"column":null}}},"26":{"name":"(anonymous_26)","decl":{"start":{"line":111,"column":2},"end":{"line":111,"column":3}},"loc":{"start":{"line":111,"column":37},"end":{"line":115,"column":null}}},"27":{"name":"(anonymous_27)","decl":{"start":{"line":113,"column":25},"end":{"line":113,"column":34}},"loc":{"start":{"line":113,"column":34},"end":{"line":113,"column":47}}},"28":{"name":"(anonymous_28)","decl":{"start":{"line":116,"column":2},"end":{"line":116,"column":3}},"loc":{"start":{"line":116,"column":33},"end":{"line":120,"column":null}}},"29":{"name":"(anonymous_29)","decl":{"start":{"line":118,"column":25},"end":{"line":118,"column":34}},"loc":{"start":{"line":118,"column":34},"end":{"line":118,"column":43}}},"30":{"name":"(anonymous_30)","decl":{"start":{"line":121,"column":2},"end":{"line":121,"column":3}},"loc":{"start":{"line":121,"column":44},"end":{"line":125,"column":null}}},"31":{"name":"(anonymous_31)","decl":{"start":{"line":123,"column":25},"end":{"line":123,"column":34}},"loc":{"start":{"line":123,"column":34},"end":{"line":123,"column":54}}},"32":{"name":"(anonymous_32)","decl":{"start":{"line":126,"column":31},"end":{"line":126,"column":54}},"loc":{"start":{"line":126,"column":55},"end":{"line":129,"column":null}}},"33":{"name":"(anonymous_33)","decl":{"start":{"line":126,"column":55},"end":{"line":126,"column":69}},"loc":{"start":{"line":126,"column":69},"end":{"line":129,"column":null}}},"34":{"name":"(anonymous_34)","decl":{"start":{"line":130,"column":36},"end":{"line":130,"column":59}},"loc":{"start":{"line":130,"column":60},"end":{"line":133,"column":null}}},"35":{"name":"(anonymous_35)","decl":{"start":{"line":130,"column":60},"end":{"line":130,"column":74}},"loc":{"start":{"line":130,"column":74},"end":{"line":133,"column":null}}},"36":{"name":"(anonymous_36)","decl":{"start":{"line":134,"column":31},"end":{"line":134,"column":54}},"loc":{"start":{"line":134,"column":55},"end":{"line":139,"column":null}}},"37":{"name":"(anonymous_37)","decl":{"start":{"line":134,"column":55},"end":{"line":134,"column":69}},"loc":{"start":{"line":134,"column":69},"end":{"line":139,"column":null}}},"38":{"name":"(anonymous_38)","decl":{"start":{"line":136,"column":42},"end":{"line":136,"column":null}},"loc":{"start":{"line":137,"column":6},"end":{"line":137,"column":10}}},"39":{"name":"(anonymous_39)","decl":{"start":{"line":140,"column":26},"end":{"line":140,"column":49}},"loc":{"start":{"line":140,"column":50},"end":{"line":144,"column":null}}},"40":{"name":"(anonymous_40)","decl":{"start":{"line":140,"column":50},"end":{"line":140,"column":64}},"loc":{"start":{"line":140,"column":64},"end":{"line":144,"column":null}}},"41":{"name":"(anonymous_41)","decl":{"start":{"line":145,"column":27},"end":{"line":145,"column":50}},"loc":{"start":{"line":145,"column":51},"end":{"line":147,"column":null}}},"42":{"name":"(anonymous_42)","decl":{"start":{"line":145,"column":51},"end":{"line":145,"column":65}},"loc":{"start":{"line":145,"column":65},"end":{"line":147,"column":null}}},"43":{"name":"(anonymous_43)","decl":{"start":{"line":148,"column":29},"end":{"line":148,"column":52}},"loc":{"start":{"line":148,"column":53},"end":{"line":152,"column":null}}},"44":{"name":"(anonymous_44)","decl":{"start":{"line":148,"column":53},"end":{"line":148,"column":67}},"loc":{"start":{"line":148,"column":67},"end":{"line":152,"column":null}}},"45":{"name":"(anonymous_45)","decl":{"start":{"line":153,"column":30},"end":{"line":153,"column":53}},"loc":{"start":{"line":153,"column":54},"end":{"line":156,"column":null}}},"46":{"name":"(anonymous_46)","decl":{"start":{"line":153,"column":54},"end":{"line":153,"column":68}},"loc":{"start":{"line":153,"column":68},"end":{"line":156,"column":null}}},"47":{"name":"(anonymous_47)","decl":{"start":{"line":157,"column":26},"end":{"line":157,"column":49}},"loc":{"start":{"line":157,"column":50},"end":{"line":160,"column":null}}},"48":{"name":"(anonymous_48)","decl":{"start":{"line":157,"column":50},"end":{"line":157,"column":64}},"loc":{"start":{"line":157,"column":64},"end":{"line":160,"column":null}}},"49":{"name":"(anonymous_49)","decl":{"start":{"line":161,"column":30},"end":{"line":161,"column":53}},"loc":{"start":{"line":161,"column":54},"end":{"line":164,"column":null}}},"50":{"name":"(anonymous_50)","decl":{"start":{"line":161,"column":54},"end":{"line":161,"column":68}},"loc":{"start":{"line":161,"column":68},"end":{"line":164,"column":null}}},"51":{"name":"(anonymous_51)","decl":{"start":{"line":165,"column":2},"end":{"line":165,"column":3}},"loc":{"start":{"line":165,"column":66},"end":{"line":176,"column":null}}},"52":{"name":"(anonymous_52)","decl":{"start":{"line":167,"column":15},"end":{"line":167,"column":24}},"loc":{"start":{"line":167,"column":24},"end":{"line":167,"column":31}}},"53":{"name":"(anonymous_53)","decl":{"start":{"line":168,"column":15},"end":{"line":168,"column":24}},"loc":{"start":{"line":168,"column":24},"end":{"line":168,"column":31}}},"54":{"name":"(anonymous_54)","decl":{"start":{"line":169,"column":15},"end":{"line":169,"column":24}},"loc":{"start":{"line":169,"column":24},"end":{"line":169,"column":31}}},"55":{"name":"(anonymous_55)","decl":{"start":{"line":170,"column":15},"end":{"line":170,"column":24}},"loc":{"start":{"line":170,"column":24},"end":{"line":170,"column":31}}},"56":{"name":"(anonymous_56)","decl":{"start":{"line":171,"column":15},"end":{"line":171,"column":24}},"loc":{"start":{"line":171,"column":24},"end":{"line":171,"column":31}}},"57":{"name":"(anonymous_57)","decl":{"start":{"line":172,"column":15},"end":{"line":172,"column":24}},"loc":{"start":{"line":172,"column":24},"end":{"line":172,"column":31}}},"58":{"name":"(anonymous_58)","decl":{"start":{"line":173,"column":15},"end":{"line":173,"column":24}},"loc":{"start":{"line":173,"column":24},"end":{"line":173,"column":31}}},"59":{"name":"(anonymous_59)","decl":{"start":{"line":174,"column":15},"end":{"line":174,"column":24}},"loc":{"start":{"line":174,"column":24},"end":{"line":174,"column":31}}},"60":{"name":"(anonymous_60)","decl":{"start":{"line":175,"column":15},"end":{"line":175,"column":24}},"loc":{"start":{"line":175,"column":24},"end":{"line":175,"column":31}}}},"branchMap":{"0":{"loc":{"start":{"line":68,"column":4},"end":{"line":68,"column":57}},"type":"if","locations":[{"start":{"line":68,"column":4},"end":{"line":68,"column":57}}]},"1":{"loc":{"start":{"line":72,"column":4},"end":{"line":72,"column":52}},"type":"if","locations":[{"start":{"line":72,"column":4},"end":{"line":72,"column":52}}]},"2":{"loc":{"start":{"line":76,"column":4},"end":{"line":76,"column":51}},"type":"if","locations":[{"start":{"line":76,"column":4},"end":{"line":76,"column":51}}]},"3":{"loc":{"start":{"line":127,"column":4},"end":{"line":127,"column":55}},"type":"if","locations":[{"start":{"line":127,"column":4},"end":{"line":127,"column":55}}]},"4":{"loc":{"start":{"line":131,"column":4},"end":{"line":131,"column":58}},"type":"if","locations":[{"start":{"line":131,"column":4},"end":{"line":131,"column":58}}]},"5":{"loc":{"start":{"line":135,"column":4},"end":{"line":135,"column":53}},"type":"if","locations":[{"start":{"line":135,"column":4},"end":{"line":135,"column":53}}]},"6":{"loc":{"start":{"line":154,"column":4},"end":{"line":154,"column":55}},"type":"if","locations":[{"start":{"line":154,"column":4},"end":{"line":154,"column":55}}]},"7":{"loc":{"start":{"line":158,"column":4},"end":{"line":158,"column":51}},"type":"if","locations":[{"start":{"line":158,"column":4},"end":{"line":158,"column":51}}]},"8":{"loc":{"start":{"line":162,"column":4},"end":{"line":162,"column":55}},"type":"if","locations":[{"start":{"line":162,"column":4},"end":{"line":162,"column":55}}]}},"s":{"0":15,"1":15,"2":1,"3":1,"4":3,"5":1,"6":1,"7":1,"8":3,"9":1,"10":1,"11":2,"12":2,"13":2,"14":1,"15":1,"16":2,"17":2,"18":1,"19":1,"20":2,"21":2,"22":1,"23":1,"24":3,"25":3,"26":3,"27":3,"28":1,"29":1,"30":1,"31":1,"32":1,"33":1,"34":1,"35":1,"36":3,"37":1,"38":1,"39":1,"40":3,"41":1,"42":1,"43":1,"44":3,"45":1,"46":1,"47":1,"48":3,"49":1,"50":1,"51":1,"52":3,"53":1,"54":2,"55":2,"56":1,"57":1,"58":2,"59":2,"60":1,"61":1,"62":2,"63":2,"64":1,"65":1,"66":2,"67":3,"68":3,"69":3,"70":3,"71":3,"72":3,"73":2,"74":2,"75":1,"76":1,"77":2,"78":2,"79":1,"80":1,"81":2,"82":2,"83":1,"84":1,"85":1,"86":1,"87":1,"88":1,"89":1,"90":1,"91":1,"92":1,"93":1,"94":1,"95":15},"f":{"0":1,"1":3,"2":1,"3":3,"4":1,"5":2,"6":2,"7":2,"8":2,"9":2,"10":2,"11":2,"12":3,"13":3,"14":3,"15":3,"16":1,"17":1,"18":1,"19":1,"20":1,"21":1,"22":1,"23":3,"24":1,"25":3,"26":1,"27":3,"28":1,"29":3,"30":1,"31":3,"32":2,"33":2,"34":2,"35":2,"36":2,"37":2,"38":2,"39":3,"40":3,"41":3,"42":3,"43":3,"44":3,"45":2,"46":2,"47":2,"48":2,"49":2,"50":2,"51":1,"52":1,"53":1,"54":1,"55":1,"56":1,"57":1,"58":1,"59":1,"60":1},"b":{"0":[1],"1":[1],"2":[1],"3":[1],"4":[1],"5":[1],"6":[1],"7":[1],"8":[1]}}
,"/home/lleshaj/job-search/src/store/index.ts": {"path":"/home/lleshaj/job-search/src/store/index.ts","statementMap":{"0":{"start":{"line":2,"column":0},"end":{"line":2,"column":null}},"1":{"start":{"line":4,"column":0},"end":{"line":4,"column":null}},"2":{"start":{"line":5,"column":0},"end":{"line":5,"column":null}},"3":{"start":{"line":6,"column":0},"end":{"line":6,"column":null}},"4":{"start":{"line":7,"column":0},"end":{"line":7,"column":null}},"5":{"start":{"line":10,"column":13},"end":{"line":10,"column":53}},"6":{"start":{"line":12,"column":14},"end":{"line":12,"column":39}},"7":{"start":{"line":20,"column":0},"end":{"line":20,"column":15}}},"fnMap":{},"branchMap":{},"s":{"0":14,"1":14,"2":14,"3":14,"4":14,"5":14,"6":14,"7":14},"f":{},"b":{}}
,"/home/lleshaj/job-search/src/store/mutations.ts": {"path":"/home/lleshaj/job-search/src/store/mutations.ts","statementMap":{"0":{"start":{"line":1,"column":0},"end":{"line":1,"column":null}},"1":{"start":{"line":26,"column":18},"end":{"line":26,"column":null}},"2":{"start":{"line":28,"column":4},"end":{"line":28,"column":9}},"3":{"start":{"line":31,"column":4},"end":{"line":31,"column":9}},"4":{"start":{"line":34,"column":4},"end":{"line":34,"column":9}},"5":{"start":{"line":37,"column":4},"end":{"line":37,"column":9}},"6":{"start":{"line":40,"column":4},"end":{"line":40,"column":9}},"7":{"start":{"line":43,"column":4},"end":{"line":43,"column":9}},"8":{"start":{"line":46,"column":4},"end":{"line":46,"column":9}},"9":{"start":{"line":49,"column":4},"end":{"line":49,"column":9}},"10":{"start":{"line":52,"column":4},"end":{"line":52,"column":9}},"11":{"start":{"line":55,"column":4},"end":{"line":55,"column":9}},"12":{"start":{"line":58,"column":4},"end":{"line":58,"column":9}},"13":{"start":{"line":61,"column":4},"end":{"line":61,"column":9}},"14":{"start":{"line":64,"column":4},"end":{"line":64,"column":9}},"15":{"start":{"line":65,"column":4},"end":{"line":65,"column":9}},"16":{"start":{"line":66,"column":4},"end":{"line":66,"column":9}},"17":{"start":{"line":67,"column":4},"end":{"line":67,"column":9}},"18":{"start":{"line":68,"column":4},"end":{"line":68,"column":9}},"19":{"start":{"line":71,"column":4},"end":{"line":71,"column":9}},"20":{"start":{"line":72,"column":4},"end":{"line":72,"column":9}},"21":{"start":{"line":73,"column":4},"end":{"line":73,"column":9}},"22":{"start":{"line":74,"column":4},"end":{"line":74,"column":9}},"23":{"start":{"line":75,"column":4},"end":{"line":75,"column":9}},"24":{"start":{"line":76,"column":4},"end":{"line":76,"column":9}},"25":{"start":{"line":77,"column":4},"end":{"line":77,"column":9}},"26":{"start":{"line":78,"column":4},"end":{"line":78,"column":9}},"27":{"start":{"line":81,"column":4},"end":{"line":81,"column":9}},"28":{"start":{"line":84,"column":4},"end":{"line":84,"column":9}},"29":{"start":{"line":87,"column":4},"end":{"line":87,"column":9}},"30":{"start":{"line":90,"column":4},"end":{"line":90,"column":9}},"31":{"start":{"line":94,"column":0},"end":{"line":94,"column":15}}},"fnMap":{"0":{"name":"(anonymous_0)","decl":{"start":{"line":27,"column":2},"end":{"line":27,"column":3}},"loc":{"start":{"line":27,"column":33},"end":{"line":29,"column":null}}},"1":{"name":"(anonymous_1)","decl":{"start":{"line":30,"column":2},"end":{"line":30,"column":3}},"loc":{"start":{"line":30,"column":48},"end":{"line":32,"column":null}}},"2":{"name":"(anonymous_2)","decl":{"start":{"line":33,"column":2},"end":{"line":33,"column":3}},"loc":{"start":{"line":33,"column":57},"end":{"line":35,"column":null}}},"3":{"name":"(anonymous_3)","decl":{"start":{"line":36,"column":2},"end":{"line":36,"column":3}},"loc":{"start":{"line":36,"column":51},"end":{"line":38,"column":null}}},"4":{"name":"(anonymous_4)","decl":{"start":{"line":39,"column":2},"end":{"line":39,"column":3}},"loc":{"start":{"line":39,"column":74},"end":{"line":41,"column":null}}},"5":{"name":"(anonymous_5)","decl":{"start":{"line":42,"column":2},"end":{"line":42,"column":3}},"loc":{"start":{"line":42,"column":65},"end":{"line":44,"column":null}}},"6":{"name":"(anonymous_6)","decl":{"start":{"line":45,"column":2},"end":{"line":45,"column":3}},"loc":{"start":{"line":45,"column":62},"end":{"line":47,"column":null}}},"7":{"name":"(anonymous_7)","decl":{"start":{"line":48,"column":2},"end":{"line":48,"column":3}},"loc":{"start":{"line":48,"column":66},"end":{"line":50,"column":null}}},"8":{"name":"(anonymous_8)","decl":{"start":{"line":51,"column":2},"end":{"line":51,"column":3}},"loc":{"start":{"line":51,"column":75},"end":{"line":53,"column":null}}},"9":{"name":"(anonymous_9)","decl":{"start":{"line":54,"column":2},"end":{"line":54,"column":3}},"loc":{"start":{"line":54,"column":62},"end":{"line":56,"column":null}}},"10":{"name":"(anonymous_10)","decl":{"start":{"line":57,"column":2},"end":{"line":57,"column":3}},"loc":{"start":{"line":57,"column":54},"end":{"line":59,"column":null}}},"11":{"name":"(anonymous_11)","decl":{"start":{"line":60,"column":2},"end":{"line":60,"column":3}},"loc":{"start":{"line":60,"column":76},"end":{"line":62,"column":null}}},"12":{"name":"(anonymous_12)","decl":{"start":{"line":63,"column":2},"end":{"line":63,"column":3}},"loc":{"start":{"line":63,"column":55},"end":{"line":69,"column":null}}},"13":{"name":"(anonymous_13)","decl":{"start":{"line":70,"column":2},"end":{"line":70,"column":3}},"loc":{"start":{"line":70,"column":56},"end":{"line":79,"column":null}}},"14":{"name":"(anonymous_14)","decl":{"start":{"line":80,"column":2},"end":{"line":80,"column":3}},"loc":{"start":{"line":80,"column":74},"end":{"line":82,"column":null}}},"15":{"name":"(anonymous_15)","decl":{"start":{"line":83,"column":2},"end":{"line":83,"column":3}},"loc":{"start":{"line":83,"column":70},"end":{"line":85,"column":null}}},"16":{"name":"(anonymous_16)","decl":{"start":{"line":86,"column":2},"end":{"line":86,"column":3}},"loc":{"start":{"line":86,"column":68},"end":{"line":88,"column":null}}},"17":{"name":"(anonymous_17)","decl":{"start":{"line":89,"column":2},"end":{"line":89,"column":3}},"loc":{"start":{"line":89,"column":74},"end":{"line":91,"column":null}}}},"branchMap":{},"s":{"0":15,"1":15,"2":1,"3":1,"4":1,"5":1,"6":1,"7":1,"8":1,"9":1,"10":1,"11":1,"12":1,"13":1,"14":1,"15":1,"16":1,"17":1,"18":1,"19":1,"20":1,"21":1,"22":1,"23":1,"24":1,"25":1,"26":1,"27":1,"28":1,"29":1,"30":1,"31":15},"f":{"0":1,"1":1,"2":1,"3":1,"4":1,"5":1,"6":1,"7":1,"8":1,"9":1,"10":1,"11":1,"12":1,"13":1,"14":1,"15":1,"16":1,"17":1},"b":{}}
,"/home/lleshaj/job-search/src/store/state.ts": {"path":"/home/lleshaj/job-search/src/store/state.ts","statementMap":{"0":{"start":{"line":3,"column":14},"end":{"line":24,"column":null}},"1":{"start":{"line":4,"column":2},"end":{"line":4,"column":9}},"2":{"start":{"line":26,"column":0},"end":{"line":26,"column":15}}},"fnMap":{"0":{"name":"(anonymous_0)","decl":{"start":{"line":3,"column":14},"end":{"line":3,"column":32}},"loc":{"start":{"line":3,"column":32},"end":{"line":24,"column":null}}}},"branchMap":{},"s":{"0":18,"1":77,"2":18},"f":{"0":77},"b":{}}
,"/home/lleshaj/job-search/src/utils/nextElementInList.ts": {"path":"/home/lleshaj/job-search/src/utils/nextElementInList.ts","statementMap":{"0":{"start":{"line":1,"column":26},"end":{"line":6,"column":null}},"1":{"start":{"line":2,"column":28},"end":{"line":2,"column":32}},"2":{"start":{"line":3,"column":25},"end":{"line":3,"column":64}},"3":{"start":{"line":4,"column":20},"end":{"line":4,"column":25}},"4":{"start":{"line":5,"column":2},"end":{"line":5,"column":9}},"5":{"start":{"line":7,"column":0},"end":{"line":7,"column":15}}},"fnMap":{"0":{"name":"(anonymous_0)","decl":{"start":{"line":1,"column":26},"end":{"line":1,"column":30}},"loc":{"start":{"line":1,"column":56},"end":{"line":6,"column":null}}}},"branchMap":{},"s":{"0":2,"1":5,"2":5,"3":5,"4":5,"5":2},"f":{"0":5},"b":{}}
,"/home/lleshaj/job-search/tests/unit/store/utils.ts": {"path":"/home/lleshaj/job-search/tests/unit/store/utils.ts","statementMap":{"0":{"start":{"line":3,"column":0},"end":{"line":3,"column":null}},"1":{"start":{"line":5,"column":27},"end":{"line":8,"column":null}},"2":{"start":{"line":6,"column":23},"end":{"line":6,"column":null}},"3":{"start":{"line":7,"column":2},"end":{"line":7,"column":9}},"4":{"start":{"line":5,"column":13},"end":{"line":5,"column":24}},"5":{"start":{"line":10,"column":28},"end":{"line":10,"column":29}},"6":{"start":{"line":10,"column":71},"end":{"line":10,"column":null}},"7":{"start":{"line":10,"column":13},"end":{"line":10,"column":25}},"8":{"start":{"line":16,"column":25},"end":{"line":16,"column":26}},"9":{"start":{"line":16,"column":62},"end":{"line":16,"column":null}},"10":{"start":{"line":16,"column":13},"end":{"line":16,"column":22}},"11":{"start":{"line":30,"column":26},"end":{"line":30,"column":27}},"12":{"start":{"line":30,"column":65},"end":{"line":30,"column":null}},"13":{"start":{"line":30,"column":13},"end":{"line":30,"column":23}}},"fnMap":{"0":{"name":"(anonymous_1)","decl":{"start":{"line":5,"column":27},"end":{"line":5,"column":28}},"loc":{"start":{"line":5,"column":78},"end":{"line":8,"column":null}}},"1":{"name":"(anonymous_2)","decl":{"start":{"line":10,"column":28},"end":{"line":10,"column":29}},"loc":{"start":{"line":10,"column":71},"end":{"line":10,"column":null}}},"2":{"name":"(anonymous_3)","decl":{"start":{"line":16,"column":25},"end":{"line":16,"column":26}},"loc":{"start":{"line":16,"column":62},"end":{"line":16,"column":null}}},"3":{"name":"(anonymous_4)","decl":{"start":{"line":30,"column":26},"end":{"line":30,"column":27}},"loc":{"start":{"line":30,"column":65},"end":{"line":30,"column":null}}}},"branchMap":{"0":{"loc":{"start":{"line":5,"column":28},"end":{"line":5,"column":78}},"type":"default-arg","locations":[{"start":{"line":5,"column":59},"end":{"line":5,"column":78}}]},"1":{"loc":{"start":{"line":10,"column":29},"end":{"line":10,"column":71}},"type":"default-arg","locations":[{"start":{"line":10,"column":55},"end":{"line":10,"column":71}}]},"2":{"loc":{"start":{"line":16,"column":26},"end":{"line":16,"column":62}},"type":"default-arg","locations":[{"start":{"line":16,"column":49},"end":{"line":16,"column":62}}]},"3":{"loc":{"start":{"line":30,"column":27},"end":{"line":30,"column":65}},"type":"default-arg","locations":[{"start":{"line":30,"column":51},"end":{"line":30,"column":65}}]}},"s":{"0":3,"1":3,"2":61,"3":61,"4":3,"5":3,"6":3,"7":3,"8":3,"9":26,"10":3,"11":3,"12":39,"13":3},"f":{"0":61,"1":3,"2":26,"3":39},"b":{"0":[0],"1":[1],"2":[2],"3":[2]}}
}
