TN:
SF:src/api/getDegrees.ts
FN:4,(anonymous_1)
FNF:1
FNH:1
FNDA:2,(anonymous_1)
DA:1,16
DA:4,16
DA:5,2
DA:7,2
DA:8,2
DA:11,16
LF:6
LH:6
BRF:0
BRH:0
end_of_record
TN:
SF:src/api/getJobs.ts
FN:4,(anonymous_1)
FNF:1
FNH:1
FNDA:2,(anonymous_1)
DA:1,16
DA:4,16
DA:5,2
DA:7,2
DA:8,2
DA:11,16
LF:6
LH:6
BRF:0
BRH:0
end_of_record
TN:
SF:src/api/getTeams.ts
FN:4,(anonymous_1)
FNF:1
FNH:1
FNDA:2,(anonymous_1)
DA:1,16
DA:4,16
DA:5,2
DA:7,2
DA:8,2
DA:11,16
LF:6
LH:6
BRF:0
BRH:0
end_of_record
TN:
SF:src/components/JobResults/JobListing.vue
FN:62,(anonymous_0)
FN:63,(anonymous_1)
FNF:2
FNH:2
FNDA:5,(anonymous_0)
FNDA:5,(anonymous_1)
DA:51,2
DA:54,2
DA:63,5
DA:64,5
LF:4
LH:4
BRF:0
BRH:0
end_of_record
TN:
SF:src/components/JobResults/JobListings.vue
FN:55,(anonymous_1)
FN:63,(anonymous_2)
FN:69,(anonymous_3)
FNF:3
FNH:2
FNDA:8,(anonymous_1)
FNDA:0,(anonymous_2)
FNDA:8,(anonymous_3)
DA:39,1
DA:41,1
DA:42,1
DA:43,1
DA:48,1
DA:50,1
DA:56,8
DA:57,8
DA:59,8
DA:61,8
DA:63,8
DA:64,8
DA:69,8
DA:70,8
DA:71,8
DA:72,8
DA:73,8
DA:76,8
LF:18
LH:18
BRF:0
BRH:0
end_of_record
TN:
SF:src/components/JobResults/JobFiltersSidebar/JobFiltersSidebar.vue
FN:55,(anonymous_1)
FN:56,(anonymous_2)
FNF:2
FNH:2
FNDA:2,(anonymous_1)
FNDA:2,(anonymous_2)
DA:28,1
DA:29,1
DA:30,1
DA:31,1
DA:32,1
DA:37,1
DA:39,1
DA:40,1
DA:41,1
DA:42,1
DA:43,1
DA:45,1
DA:56,2
DA:57,2
DA:58,2
DA:59,2
DA:60,2
DA:61,2
DA:62,2
DA:64,2
LF:20
LH:20
BRDA:58,0,0,2
BRDA:58,0,1,1
BRDA:59,1,0,2
BRDA:59,1,1,2
BRF:4
BRH:4
end_of_record
TN:
SF:src/components/JobResults/JobFiltersSidebar/JobFiltersSidebarCheckboxGroup.vue
FN:41,(anonymous_0)
FN:47,(anonymous_1)
FN:53,(anonymous_2)
FNF:3
FNH:2
FNDA:3,(anonymous_0)
FNDA:0,(anonymous_1)
FNDA:2,(anonymous_2)
DA:23,5
DA:24,5
DA:25,5
DA:26,5
DA:27,5
DA:29,5
DA:42,3
DA:43,3
DA:45,3
DA:47,3
DA:48,0
DA:49,0
DA:53,3
DA:54,2
DA:55,2
DA:60,3
LF:16
LH:14
BRDA:48,0,0,0
BRF:1
BRH:0
end_of_record
TN:
SF:src/components/JobResults/JobFiltersSidebar/JobFiltersSidebarDegrees.vue
FN:23,(anonymous_1)
FNF:1
FNH:1
FNDA:1,(anonymous_1)
DA:10,2
DA:12,2
DA:14,2
DA:16,2
DA:18,2
DA:24,1
DA:26,1
LF:7
LH:7
BRF:0
BRH:0
end_of_record
TN:
SF:src/components/JobResults/JobFiltersSidebar/JobFiltersSidebarJobTypes.vue
FN:23,(anonymous_1)
FNF:1
FNH:1
FNDA:1,(anonymous_1)
DA:10,2
DA:12,2
DA:14,2
DA:16,2
DA:18,2
DA:24,1
DA:25,1
LF:7
LH:7
BRF:0
BRH:0
end_of_record
TN:
SF:src/components/JobResults/JobFiltersSidebar/JobFiltersSidebarOrganizations.vue
FN:23,(anonymous_1)
FNF:1
FNH:1
FNDA:1,(anonymous_1)
DA:10,2
DA:12,2
DA:14,2
DA:16,2
DA:18,2
DA:24,1
DA:25,1
LF:7
LH:7
BRF:0
BRH:0
end_of_record
TN:
SF:src/components/JobResults/JobFiltersSidebar/JobFiltersSidebarPrompt.vue
FN:28,(anonymous_1)
FN:31,(anonymous_2)
FNF:2
FNH:2
FNDA:1,(anonymous_1)
FNDA:1,(anonymous_2)
DA:15,2
DA:16,2
DA:17,2
DA:19,2
DA:21,2
DA:23,2
DA:29,1
DA:31,1
DA:32,1
DA:35,1
LF:10
LH:10
BRF:0
BRH:0
end_of_record
TN:
SF:src/components/JobResults/JobFiltersSidebar/JobFiltersSidebarSkills.vue
FN:20,(anonymous_0)
FN:23,(anonymous_1)
FN:26,(anonymous_2)
FNF:3
FNH:3
FNDA:3,(anonymous_0)
FNDA:3,(anonymous_1)
FNDA:2,(anonymous_2)
DA:13,2
DA:14,2
DA:15,2
DA:16,2
DA:18,2
DA:21,3
DA:22,3
DA:24,3
DA:27,2
DA:30,3
LF:10
LH:10
BRF:0
BRH:0
end_of_record
TN:
SF:src/components/JobSearch/HeadLine.vue
FN:27,(anonymous_1)
FN:34,(anonymous_2)
FN:40,(anonymous_3)
FN:43,(anonymous_4)
FN:47,(anonymous_5)
FN:48,(anonymous_6)
FNF:6
FNH:6
FNDA:4,(anonymous_1)
FNDA:7,(anonymous_2)
FNDA:4,(anonymous_3)
FNDA:1,(anonymous_4)
FNDA:4,(anonymous_5)
FNDA:3,(anonymous_6)
DA:15,1
DA:16,1
DA:25,1
DA:28,4
DA:35,7
DA:41,4
DA:44,1
DA:47,4
DA:48,4
DA:49,3
DA:51,3
LF:11
LH:11
BRF:0
BRH:0
end_of_record
TN:
SF:src/components/JobSearch/Spotlight.vue
FN:26,(anonymous_14)
FN:29,(anonymous_15)
FN:36,(anonymous_18)
FNF:3
FNH:3
FNDA:3,(anonymous_14)
FNDA:6,(anonymous_15)
FNDA:3,(anonymous_18)
DA:14,1
DA:15,1
DA:24,1
DA:26,3
DA:27,3
DA:29,3
DA:30,3
DA:31,3
DA:32,3
DA:33,3
DA:36,3
DA:37,3
DA:40,3
LF:13
LH:13
BRF:0
BRH:0
end_of_record
TN:
SF:src/components/JobSearch/jobSearchForm.vue
FN:54,(anonymous_1)
FN:59,(anonymous_2)
FNF:2
FNH:2
FNDA:1,(anonymous_1)
FNDA:1,(anonymous_2)
DA:43,1
DA:44,1
DA:45,1
DA:46,1
DA:48,1
DA:55,1
DA:57,1
DA:58,1
DA:59,1
DA:60,1
DA:69,1
LF:11
LH:11
BRF:0
BRH:0
end_of_record
TN:
SF:src/components/Navigation/MainNav.vue
FN:97,(anonymous_3)
FN:121,(anonymous_4)
FNF:2
FNH:2
FNDA:4,(anonymous_3)
FNDA:4,(anonymous_4)
DA:80,1
DA:81,1
DA:83,1
DA:85,1
DA:86,1
DA:87,1
DA:88,1
DA:90,1
DA:98,4
DA:99,4
DA:100,4
DA:102,4
DA:122,4
LF:13
LH:13
BRF:0
BRH:0
end_of_record
TN:
SF:src/components/Navigation/ProfileImage.vue
FN:10,(anonymous_0)
FNF:1
FNH:1
FNDA:1,(anonymous_0)
DA:6,2
DA:8,2
DA:11,1
LF:3
LH:3
BRF:0
BRH:0
end_of_record
TN:
SF:src/components/Navigation/SubNavigation.vue
FN:25,(anonymous_1)
FNF:1
FNH:1
FNDA:2,(anonymous_1)
DA:18,2
DA:20,2
DA:22,2
DA:23,2
DA:26,2
DA:28,2
DA:30,2
LF:7
LH:7
BRF:0
BRH:0
end_of_record
TN:
SF:src/components/Shared/Accordion.vue
FN:31,(anonymous_0)
FN:33,(anonymous_1)
FNF:2
FNH:2
FNDA:2,(anonymous_0)
FNDA:2,(anonymous_1)
DA:20,2
DA:21,2
DA:23,2
DA:32,2
DA:33,2
DA:34,2
DA:36,2
LF:7
LH:7
BRF:0
BRH:0
end_of_record
TN:
SF:src/components/Shared/ActionButton.vue
FN:21,(anonymous_0)
FN:26,(anonymous_1)
FN:28,(anonymous_2)
FNF:3
FNH:3
FNDA:8,(anonymous_0)
FNDA:4,(anonymous_1)
FNDA:4,(anonymous_2)
DA:8,5
DA:9,5
DA:10,5
DA:22,8
DA:27,4
DA:28,4
DA:29,4
DA:33,4
LF:8
LH:8
BRF:0
BRH:0
end_of_record
TN:
SF:src/components/Shared/HeaderContainer.vue
FNF:0
FNH:0
DA:11,1
DA:12,1
LF:2
LH:2
BRF:0
BRH:0
end_of_record
TN:
SF:src/components/Shared/TextInput.vue
FN:28,(anonymous_0)
FNF:1
FNH:1
FNDA:5,(anonymous_0)
DA:12,2
DA:13,2
DA:29,5
DA:30,5
LF:4
LH:4
BRF:0
BRH:0
end_of_record
TN:
SF:src/composables/useConfirmRoute.ts
FN:4,(anonymous_0)
FN:6,(anonymous_1)
FNF:2
FNH:2
FNDA:13,(anonymous_0)
FNDA:1,(anonymous_1)
DA:1,3
DA:2,3
DA:4,3
DA:5,13
DA:6,13
DA:9,3
LF:6
LH:6
BRF:0
BRH:0
end_of_record
TN:
SF:src/composables/useCurrentPage.ts
FN:4,(anonymous_0)
FN:7,(anonymous_1)
FNF:2
FNH:2
FNDA:2,(anonymous_0)
FNDA:2,(anonymous_1)
DA:1,2
DA:2,2
DA:4,2
DA:5,2
DA:6,2
DA:7,2
DA:10,2
LF:7
LH:7
BRDA:7,0,0,2
BRDA:7,0,1,1
BRF:2
BRH:2
end_of_record
TN:
SF:src/composables/usePreviousAndNextPages.ts
FN:7,(anonymous_0)
FN:11,(anonymous_1)
FN:17,(anonymous_2)
FNF:3
FNH:3
FNDA:4,(anonymous_0)
FNDA:2,(anonymous_1)
FNDA:2,(anonymous_2)
DA:1,2
DA:7,2
DA:11,4
DA:12,2
DA:13,2
DA:14,2
DA:17,4
DA:18,2
DA:19,2
DA:21,4
DA:26,2
LF:11
LH:11
BRDA:14,0,0,1
BRDA:14,0,1,1
BRDA:19,1,0,1
BRDA:19,1,1,1
BRF:4
BRH:4
end_of_record
TN:
SF:src/store/actions.ts
FN:18,(anonymous_1)
FN:22,(anonymous_2)
FN:26,(anonymous_3)
FNF:3
FNH:3
FNDA:2,(anonymous_1)
FNDA:2,(anonymous_2)
FNDA:2,(anonymous_3)
DA:2,15
DA:3,15
DA:4,15
DA:5,15
DA:17,15
DA:19,2
DA:20,2
DA:23,2
DA:24,2
DA:27,2
DA:28,2
DA:32,15
LF:12
LH:12
BRF:0
BRH:0
end_of_record
TN:
SF:src/store/composables.ts
FN:26,(anonymous_0)
FN:28,(anonymous_1)
FN:30,(anonymous_2)
FN:32,(anonymous_3)
FN:35,(anonymous_4)
FN:37,(anonymous_5)
FN:40,(anonymous_6)
FN:42,(anonymous_7)
FN:45,(anonymous_8)
FN:47,(anonymous_9)
FN:50,(anonymous_10)
FN:52,(anonymous_11)
FN:54,(anonymous_12)
FN:56,(anonymous_13)
FN:58,(anonymous_14)
FN:60,(anonymous_15)
FN:63,(anonymous_16)
FN:65,(anonymous_17)
FN:68,(anonymous_18)
FN:70,(anonymous_19)
FN:72,(anonymous_20)
FN:74,(anonymous_21)
FN:78,(anonymous_22)
FN:83,(anonymous_23)
FN:87,(anonymous_24)
FNF:25
FNH:25
FNDA:1,(anonymous_0)
FNDA:1,(anonymous_1)
FNDA:1,(anonymous_2)
FNDA:1,(anonymous_3)
FNDA:1,(anonymous_4)
FNDA:1,(anonymous_5)
FNDA:1,(anonymous_6)
FNDA:1,(anonymous_7)
FNDA:1,(anonymous_8)
FNDA:1,(anonymous_9)
FNDA:1,(anonymous_10)
FNDA:1,(anonymous_11)
FNDA:1,(anonymous_12)
FNDA:1,(anonymous_13)
FNDA:1,(anonymous_14)
FNDA:1,(anonymous_15)
FNDA:1,(anonymous_16)
FNDA:1,(anonymous_17)
FNDA:1,(anonymous_18)
FNDA:1,(anonymous_19)
FNDA:1,(anonymous_20)
FNDA:1,(anonymous_21)
FNDA:1,(anonymous_22)
FNDA:1,(anonymous_23)
FNDA:1,(anonymous_24)
DA:1,8
DA:2,8
DA:4,8
DA:23,8
DA:26,8
DA:27,1
DA:28,1
DA:30,8
DA:31,1
DA:32,1
DA:35,8
DA:36,1
DA:37,1
DA:40,8
DA:41,1
DA:42,1
DA:45,8
DA:46,1
DA:47,1
DA:50,8
DA:51,1
DA:52,1
DA:54,8
DA:55,1
DA:56,1
DA:58,8
DA:59,1
DA:60,1
DA:63,8
DA:64,1
DA:65,1
DA:68,8
DA:69,1
DA:70,1
DA:72,8
DA:73,1
DA:74,1
DA:78,8
DA:79,1
DA:80,1
DA:83,8
DA:84,1
DA:85,1
DA:87,8
DA:88,1
DA:89,1
LF:46
LH:46
BRF:0
BRH:0
end_of_record
TN:
SF:src/store/constants.ts
FNF:0
FNH:0
DA:2,17
DA:5,17
DA:6,17
DA:7,17
DA:8,17
DA:12,17
DA:13,17
DA:14,17
DA:17,17
DA:18,17
DA:19,17
DA:22,17
DA:23,17
DA:24,17
DA:25,17
DA:26,17
DA:29,17
DA:30,17
DA:33,17
DA:34,17
DA:37,17
DA:38,17
DA:39,17
DA:40,17
DA:41,17
DA:42,17
DA:43,17
DA:44,17
DA:45,17
DA:46,17
DA:47,17
DA:48,17
DA:49,17
DA:50,17
DA:51,17
DA:53,17
DA:54,17
DA:55,17
DA:58,17
DA:59,17
DA:60,17
DA:61,17
DA:62,17
DA:63,17
DA:64,17
DA:65,17
DA:66,17
DA:67,17
LF:48
LH:48
BRF:0
BRH:0
end_of_record
TN:
SF:src/store/getters.ts
FN:54,(anonymous_0)
FN:56,(anonymous_1)
FN:59,(anonymous_2)
FN:61,(anonymous_3)
FN:64,(anonymous_4)
FN:65,(anonymous_5)
FN:67,(anonymous_6)
FN:67,(anonymous_7)
FN:71,(anonymous_8)
FN:71,(anonymous_9)
FN:75,(anonymous_10)
FN:75,(anonymous_11)
FN:79,(anonymous_12)
FN:79,(anonymous_13)
FN:84,(anonymous_14)
FN:84,(anonymous_15)
FN:89,(anonymous_16)
FN:91,(anonymous_17)
FN:92,(anonymous_18)
FN:93,(anonymous_19)
FN:94,(anonymous_20)
FN:95,(anonymous_21)
FN:99,(anonymous_22)
FN:101,(anonymous_23)
FN:104,(anonymous_24)
FN:106,(anonymous_25)
FN:111,(anonymous_26)
FN:113,(anonymous_27)
FN:116,(anonymous_28)
FN:118,(anonymous_29)
FN:121,(anonymous_30)
FN:123,(anonymous_31)
FN:126,(anonymous_32)
FN:126,(anonymous_33)
FN:130,(anonymous_34)
FN:130,(anonymous_35)
FN:134,(anonymous_36)
FN:134,(anonymous_37)
FN:136,(anonymous_38)
FN:140,(anonymous_39)
FN:140,(anonymous_40)
FN:145,(anonymous_41)
FN:145,(anonymous_42)
FN:148,(anonymous_43)
FN:148,(anonymous_44)
FN:153,(anonymous_45)
FN:153,(anonymous_46)
FN:157,(anonymous_47)
FN:157,(anonymous_48)
FN:161,(anonymous_49)
FN:161,(anonymous_50)
FN:165,(anonymous_51)
FN:167,(anonymous_52)
FN:168,(anonymous_53)
FN:169,(anonymous_54)
FN:170,(anonymous_55)
FN:171,(anonymous_56)
FN:172,(anonymous_57)
FN:173,(anonymous_58)
FN:174,(anonymous_59)
FN:175,(anonymous_60)
FNF:61
FNH:61
FNDA:1,(anonymous_0)
FNDA:3,(anonymous_1)
FNDA:1,(anonymous_2)
FNDA:3,(anonymous_3)
FNDA:1,(anonymous_4)
FNDA:2,(anonymous_5)
FNDA:2,(anonymous_6)
FNDA:2,(anonymous_7)
FNDA:2,(anonymous_8)
FNDA:2,(anonymous_9)
FNDA:2,(anonymous_10)
FNDA:2,(anonymous_11)
FNDA:3,(anonymous_12)
FNDA:3,(anonymous_13)
FNDA:3,(anonymous_14)
FNDA:3,(anonymous_15)
FNDA:1,(anonymous_16)
FNDA:1,(anonymous_17)
FNDA:1,(anonymous_18)
FNDA:1,(anonymous_19)
FNDA:1,(anonymous_20)
FNDA:1,(anonymous_21)
FNDA:1,(anonymous_22)
FNDA:3,(anonymous_23)
FNDA:1,(anonymous_24)
FNDA:3,(anonymous_25)
FNDA:1,(anonymous_26)
FNDA:3,(anonymous_27)
FNDA:1,(anonymous_28)
FNDA:3,(anonymous_29)
FNDA:1,(anonymous_30)
FNDA:3,(anonymous_31)
FNDA:2,(anonymous_32)
FNDA:2,(anonymous_33)
FNDA:2,(anonymous_34)
FNDA:2,(anonymous_35)
FNDA:2,(anonymous_36)
FNDA:2,(anonymous_37)
FNDA:2,(anonymous_38)
FNDA:3,(anonymous_39)
FNDA:3,(anonymous_40)
FNDA:3,(anonymous_41)
FNDA:3,(anonymous_42)
FNDA:3,(anonymous_43)
FNDA:3,(anonymous_44)
FNDA:2,(anonymous_45)
FNDA:2,(anonymous_46)
FNDA:2,(anonymous_47)
FNDA:2,(anonymous_48)
FNDA:2,(anonymous_49)
FNDA:2,(anonymous_50)
FNDA:1,(anonymous_51)
FNDA:1,(anonymous_52)
FNDA:1,(anonymous_53)
FNDA:1,(anonymous_54)
FNDA:1,(anonymous_55)
FNDA:1,(anonymous_56)
FNDA:1,(anonymous_57)
FNDA:1,(anonymous_58)
FNDA:1,(anonymous_59)
FNDA:1,(anonymous_60)
DA:1,15
DA:53,15
DA:55,1
DA:56,3
DA:57,1
DA:60,1
DA:61,3
DA:62,1
DA:65,2
DA:67,2
DA:68,2
DA:69,1
DA:71,2
DA:72,2
DA:73,1
DA:75,2
DA:76,2
DA:77,1
DA:79,3
DA:80,3
DA:84,3
DA:85,3
DA:90,1
DA:91,1
DA:92,1
DA:93,1
DA:94,1
DA:95,1
DA:100,1
DA:101,3
DA:102,1
DA:105,1
DA:106,1
DA:107,3
DA:109,1
DA:112,1
DA:113,3
DA:114,1
DA:117,1
DA:118,3
DA:119,1
DA:122,1
DA:123,3
DA:124,1
DA:126,2
DA:127,2
DA:128,1
DA:130,2
DA:131,2
DA:132,1
DA:134,2
DA:135,2
DA:136,1
DA:137,2
DA:140,3
DA:141,3
DA:145,3
DA:146,3
DA:148,3
DA:149,3
DA:153,2
DA:154,2
DA:155,1
DA:157,2
DA:158,2
DA:159,1
DA:161,2
DA:162,2
DA:163,1
DA:166,1
DA:167,1
DA:168,1
DA:169,1
DA:170,1
DA:171,1
DA:172,1
DA:173,1
DA:174,1
DA:175,1
DA:178,15
LF:80
LH:80
BRDA:68,0,0,1
BRDA:72,1,0,1
BRDA:76,2,0,1
BRDA:127,3,0,1
BRDA:131,4,0,1
BRDA:135,5,0,1
BRDA:154,6,0,1
BRDA:158,7,0,1
BRDA:162,8,0,1
BRF:9
BRH:9
end_of_record
TN:
SF:src/store/index.ts
FNF:0
FNH:0
DA:2,14
DA:4,14
DA:5,14
DA:6,14
DA:7,14
DA:10,14
DA:12,14
DA:20,14
LF:8
LH:8
BRF:0
BRH:0
end_of_record
TN:
SF:src/store/mutations.ts
FN:27,(anonymous_0)
FN:30,(anonymous_1)
FN:33,(anonymous_2)
FN:36,(anonymous_3)
FN:39,(anonymous_4)
FN:42,(anonymous_5)
FN:45,(anonymous_6)
FN:48,(anonymous_7)
FN:51,(anonymous_8)
FN:54,(anonymous_9)
FN:57,(anonymous_10)
FN:60,(anonymous_11)
FN:63,(anonymous_12)
FN:70,(anonymous_13)
FN:80,(anonymous_14)
FN:83,(anonymous_15)
FN:86,(anonymous_16)
FN:89,(anonymous_17)
FNF:18
FNH:18
FNDA:1,(anonymous_0)
FNDA:1,(anonymous_1)
FNDA:1,(anonymous_2)
FNDA:1,(anonymous_3)
FNDA:1,(anonymous_4)
FNDA:1,(anonymous_5)
FNDA:1,(anonymous_6)
FNDA:1,(anonymous_7)
FNDA:1,(anonymous_8)
FNDA:1,(anonymous_9)
FNDA:1,(anonymous_10)
FNDA:1,(anonymous_11)
FNDA:1,(anonymous_12)
FNDA:1,(anonymous_13)
FNDA:1,(anonymous_14)
FNDA:1,(anonymous_15)
FNDA:1,(anonymous_16)
FNDA:1,(anonymous_17)
DA:1,15
DA:26,15
DA:28,1
DA:31,1
DA:34,1
DA:37,1
DA:40,1
DA:43,1
DA:46,1
DA:49,1
DA:52,1
DA:55,1
DA:58,1
DA:61,1
DA:64,1
DA:65,1
DA:66,1
DA:67,1
DA:68,1
DA:71,1
DA:72,1
DA:73,1
DA:74,1
DA:75,1
DA:76,1
DA:77,1
DA:78,1
DA:81,1
DA:84,1
DA:87,1
DA:90,1
DA:94,15
LF:32
LH:32
BRF:0
BRH:0
end_of_record
TN:
SF:src/store/state.ts
FN:3,(anonymous_0)
FNF:1
FNH:1
FNDA:77,(anonymous_0)
DA:3,18
DA:4,77
DA:26,18
LF:3
LH:3
BRF:0
BRH:0
end_of_record
TN:
SF:src/utils/nextElementInList.ts
FN:1,(anonymous_0)
FNF:1
FNH:1
FNDA:5,(anonymous_0)
DA:1,2
DA:2,5
DA:3,5
DA:4,5
DA:5,5
DA:7,2
LF:6
LH:6
BRF:0
BRH:0
end_of_record
TN:
SF:tests/unit/store/utils.ts
FN:5,(anonymous_1)
FN:10,(anonymous_2)
FN:16,(anonymous_3)
FN:30,(anonymous_4)
FNF:4
FNH:4
FNDA:61,(anonymous_1)
FNDA:3,(anonymous_2)
FNDA:26,(anonymous_3)
FNDA:39,(anonymous_4)
DA:3,3
DA:5,3
DA:6,61
DA:7,61
DA:10,3
DA:16,26
DA:30,39
LF:7
LH:7
BRDA:5,0,0,0
BRDA:10,1,0,1
BRDA:16,2,0,2
BRDA:30,3,0,2
BRF:4
BRH:3
end_of_record
